<?xml version="1.0" encoding="UTF-8"?>
<testsuite name="com.webstore.rest.UsuarioRESTControllerTest" tests="1" skipped="0" failures="1" errors="0" timestamp="2017-09-15T22:17:53" hostname="LAPTOP-F0H9IQ95" time="0.375">
  <properties/>
  <testcase name="clienteLogin" classname="com.webstore.rest.UsuarioRESTControllerTest" time="0.375">
    <failure message="java.lang.IllegalArgumentException: Could not find field 'usuarioRepository' of type [null] on target object [com.webstore.rest.UsuarioRESTController@5d492b37] or target class [class com.webstore.rest.UsuarioRESTController]" type="java.lang.IllegalArgumentException">java.lang.IllegalArgumentException: Could not find field 'usuarioRepository' of type [null] on target object [com.webstore.rest.UsuarioRESTController@5d492b37] or target class [class com.webstore.rest.UsuarioRESTController]
	at org.springframework.test.util.ReflectionTestUtils.setField(ReflectionTestUtils.java:175)
	at org.springframework.test.util.ReflectionTestUtils.setField(ReflectionTestUtils.java:100)
	at org.springframework.test.util.ReflectionTestUtils.setField(ReflectionTestUtils.java:84)
	at com.webstore.rest.UsuarioRESTControllerTest.setup(UsuarioRESTControllerTest.java:61)
	at sun.reflect.NativeMethodAccessorImpl.invoke0(Native Method)
	at sun.reflect.NativeMethodAccessorImpl.invoke(NativeMethodAccessorImpl.java:62)
	at sun.reflect.DelegatingMethodAccessorImpl.invoke(DelegatingMethodAccessorImpl.java:43)
	at java.lang.reflect.Method.invoke(Method.java:498)
	at org.junit.runners.model.FrameworkMethod$1.runReflectiveCall(FrameworkMethod.java:50)
	at org.junit.internal.runners.model.ReflectiveCallable.run(ReflectiveCallable.java:12)
	at org.junit.runners.model.FrameworkMethod.invokeExplosively(FrameworkMethod.java:47)
	at org.junit.internal.runners.statements.RunBefores.evaluate(RunBefores.java:24)
	at org.springframework.test.context.junit4.statements.RunBeforeTestMethodCallbacks.evaluate(RunBeforeTestMethodCallbacks.java:75)
	at org.springframework.test.context.junit4.statements.RunAfterTestMethodCallbacks.evaluate(RunAfterTestMethodCallbacks.java:86)
	at org.springframework.test.context.junit4.statements.SpringRepeat.evaluate(SpringRepeat.java:84)
	at org.junit.runners.ParentRunner.runLeaf(ParentRunner.java:325)
	at org.springframework.test.context.junit4.SpringJUnit4ClassRunner.runChild(SpringJUnit4ClassRunner.java:252)
	at org.springframework.test.context.junit4.SpringJUnit4ClassRunner.runChild(SpringJUnit4ClassRunner.java:94)
	at org.junit.runners.ParentRunner$3.run(ParentRunner.java:290)
	at org.junit.runners.ParentRunner$1.schedule(ParentRunner.java:71)
	at org.junit.runners.ParentRunner.runChildren(ParentRunner.java:288)
	at org.junit.runners.ParentRunner.access$000(ParentRunner.java:58)
	at org.junit.runners.ParentRunner$2.evaluate(ParentRunner.java:268)
	at org.springframework.test.context.junit4.statements.RunBeforeTestClassCallbacks.evaluate(RunBeforeTestClassCallbacks.java:61)
	at org.springframework.test.context.junit4.statements.RunAfterTestClassCallbacks.evaluate(RunAfterTestClassCallbacks.java:70)
	at org.junit.runners.ParentRunner.run(ParentRunner.java:363)
	at org.springframework.test.context.junit4.SpringJUnit4ClassRunner.run(SpringJUnit4ClassRunner.java:191)
	at org.gradle.api.internal.tasks.testing.junit.JUnitTestClassExecuter.runTestClass(JUnitTestClassExecuter.java:114)
	at org.gradle.api.internal.tasks.testing.junit.JUnitTestClassExecuter.execute(JUnitTestClassExecuter.java:57)
	at org.gradle.api.internal.tasks.testing.junit.JUnitTestClassProcessor.processTestClass(JUnitTestClassProcessor.java:66)
	at org.gradle.api.internal.tasks.testing.SuiteTestClassProcessor.processTestClass(SuiteTestClassProcessor.java:51)
	at sun.reflect.NativeMethodAccessorImpl.invoke0(Native Method)
	at sun.reflect.NativeMethodAccessorImpl.invoke(NativeMethodAccessorImpl.java:62)
	at sun.reflect.DelegatingMethodAccessorImpl.invoke(DelegatingMethodAccessorImpl.java:43)
	at java.lang.reflect.Method.invoke(Method.java:498)
	at org.gradle.internal.dispatch.ReflectionDispatch.dispatch(ReflectionDispatch.java:35)
	at org.gradle.internal.dispatch.ReflectionDispatch.dispatch(ReflectionDispatch.java:24)
	at org.gradle.internal.dispatch.ContextClassLoaderDispatch.dispatch(ContextClassLoaderDispatch.java:32)
	at org.gradle.internal.dispatch.ProxyDispatchAdapter$DispatchingInvocationHandler.invoke(ProxyDispatchAdapter.java:93)
	at com.sun.proxy.$Proxy3.processTestClass(Unknown Source)
	at org.gradle.api.internal.tasks.testing.worker.TestWorker.processTestClass(TestWorker.java:109)
	at sun.reflect.NativeMethodAccessorImpl.invoke0(Native Method)
	at sun.reflect.NativeMethodAccessorImpl.invoke(NativeMethodAccessorImpl.java:62)
	at sun.reflect.DelegatingMethodAccessorImpl.invoke(DelegatingMethodAccessorImpl.java:43)
	at java.lang.reflect.Method.invoke(Method.java:498)
	at org.gradle.internal.dispatch.ReflectionDispatch.dispatch(ReflectionDispatch.java:35)
	at org.gradle.internal.dispatch.ReflectionDispatch.dispatch(ReflectionDispatch.java:24)
	at org.gradle.internal.remote.internal.hub.MessageHub$Handler.run(MessageHub.java:377)
	at org.gradle.internal.concurrent.ExecutorPolicy$CatchAndRecordFailures.onExecute(ExecutorPolicy.java:54)
	at org.gradle.internal.concurrent.StoppableExecutorImpl$1.run(StoppableExecutorImpl.java:40)
	at java.util.concurrent.ThreadPoolExecutor.runWorker(ThreadPoolExecutor.java:1149)
	at java.util.concurrent.ThreadPoolExecutor$Worker.run(ThreadPoolExecutor.java:624)
	at java.lang.Thread.run(Thread.java:748)
</failure>
  </testcase>
  <system-out><![CDATA[17:17:44.834 [Test worker] DEBUG org.springframework.test.context.junit4.SpringJUnit4ClassRunner - SpringJUnit4ClassRunner constructor called with [class com.webstore.rest.UsuarioRESTControllerTest]
17:17:44.844 [Test worker] DEBUG org.springframework.test.context.BootstrapUtils - Instantiating CacheAwareContextLoaderDelegate from class [org.springframework.test.context.cache.DefaultCacheAwareContextLoaderDelegate]
17:17:44.856 [Test worker] DEBUG org.springframework.test.context.BootstrapUtils - Instantiating BootstrapContext using constructor [public org.springframework.test.context.support.DefaultBootstrapContext(java.lang.Class,org.springframework.test.context.CacheAwareContextLoaderDelegate)]
17:17:44.880 [Test worker] DEBUG org.springframework.test.context.BootstrapUtils - Instantiating TestContextBootstrapper for test class [com.webstore.rest.UsuarioRESTControllerTest] from class [org.springframework.boot.test.context.SpringBootTestContextBootstrapper]
17:17:44.892 [Test worker] INFO org.springframework.boot.test.context.SpringBootTestContextBootstrapper - Neither @ContextConfiguration nor @ContextHierarchy found for test class [com.webstore.rest.UsuarioRESTControllerTest], using SpringBootContextLoader
17:17:44.898 [Test worker] DEBUG org.springframework.test.context.support.AbstractContextLoader - Did not detect default resource location for test class [com.webstore.rest.UsuarioRESTControllerTest]: class path resource [com/webstore/rest/UsuarioRESTControllerTest-context.xml] does not exist
17:17:44.899 [Test worker] DEBUG org.springframework.test.context.support.AbstractContextLoader - Did not detect default resource location for test class [com.webstore.rest.UsuarioRESTControllerTest]: class path resource [com/webstore/rest/UsuarioRESTControllerTestContext.groovy] does not exist
17:17:44.899 [Test worker] INFO org.springframework.test.context.support.AbstractContextLoader - Could not detect default resource locations for test class [com.webstore.rest.UsuarioRESTControllerTest]: no resource found for suffixes {-context.xml, Context.groovy}.
17:17:44.956 [Test worker] DEBUG org.springframework.test.context.support.ActiveProfilesUtils - Could not find an 'annotation declaring class' for annotation type [org.springframework.test.context.ActiveProfiles] and class [com.webstore.rest.UsuarioRESTControllerTest]
17:17:44.985 [Test worker] DEBUG org.springframework.boot.test.context.SpringBootTestContextBootstrapper - @TestExecutionListeners is not present for class [com.webstore.rest.UsuarioRESTControllerTest]: using defaults.
17:17:44.989 [Test worker] INFO org.springframework.boot.test.context.SpringBootTestContextBootstrapper - Loaded default TestExecutionListener class names from location [META-INF/spring.factories]: [org.springframework.boot.test.mock.mockito.MockitoTestExecutionListener, org.springframework.boot.test.mock.mockito.ResetMocksTestExecutionListener, org.springframework.boot.test.autoconfigure.restdocs.RestDocsTestExecutionListener, org.springframework.boot.test.autoconfigure.web.client.MockRestServiceServerResetTestExecutionListener, org.springframework.boot.test.autoconfigure.web.servlet.MockMvcPrintOnlyOnFailureTestExecutionListener, org.springframework.boot.test.autoconfigure.web.servlet.WebDriverTestExecutionListener, org.springframework.test.context.web.ServletTestExecutionListener, org.springframework.test.context.support.DirtiesContextBeforeModesTestExecutionListener, org.springframework.test.context.support.DependencyInjectionTestExecutionListener, org.springframework.test.context.support.DirtiesContextTestExecutionListener, org.springframework.test.context.transaction.TransactionalTestExecutionListener, org.springframework.test.context.jdbc.SqlScriptsTestExecutionListener]
17:17:45.016 [Test worker] INFO org.springframework.boot.test.context.SpringBootTestContextBootstrapper - Using TestExecutionListeners: [org.springframework.test.context.web.ServletTestExecutionListener@43e1a3e0, org.springframework.test.context.support.DirtiesContextBeforeModesTestExecutionListener@7906a2d4, org.springframework.boot.test.autoconfigure.SpringBootDependencyInjectionTestExecutionListener@266149ed, org.springframework.test.context.support.DirtiesContextTestExecutionListener@746d6fde, org.springframework.test.context.transaction.TransactionalTestExecutionListener@3add2c10, org.springframework.test.context.jdbc.SqlScriptsTestExecutionListener@7681299d, org.springframework.boot.test.autoconfigure.web.servlet.WebDriverTestExecutionListener@5a033881, org.springframework.boot.test.autoconfigure.web.servlet.MockMvcPrintOnlyOnFailureTestExecutionListener@458fbf80, org.springframework.boot.test.mock.mockito.MockitoTestExecutionListener@1661b68d, org.springframework.boot.test.autoconfigure.restdocs.RestDocsTestExecutionListener@6953a81d, org.springframework.boot.test.mock.mockito.ResetMocksTestExecutionListener@2ad75286, org.springframework.boot.test.autoconfigure.web.client.MockRestServiceServerResetTestExecutionListener@121c9be3]
17:17:45.020 [Test worker] DEBUG org.springframework.test.annotation.ProfileValueUtils - Retrieved @ProfileValueSourceConfiguration [null] for test class [com.webstore.rest.UsuarioRESTControllerTest]
17:17:45.020 [Test worker] DEBUG org.springframework.test.annotation.ProfileValueUtils - Retrieved ProfileValueSource type [class org.springframework.test.annotation.SystemProfileValueSource] for class [com.webstore.rest.UsuarioRESTControllerTest]
17:17:45.020 [Test worker] DEBUG org.springframework.test.annotation.ProfileValueUtils - Retrieved @ProfileValueSourceConfiguration [null] for test class [com.webstore.rest.UsuarioRESTControllerTest]
17:17:45.020 [Test worker] DEBUG org.springframework.test.annotation.ProfileValueUtils - Retrieved ProfileValueSource type [class org.springframework.test.annotation.SystemProfileValueSource] for class [com.webstore.rest.UsuarioRESTControllerTest]
17:17:45.020 [Test worker] DEBUG org.springframework.test.context.support.AbstractDirtiesContextTestExecutionListener - Before test class: context [DefaultTestContext@7bfc1171 testClass = UsuarioRESTControllerTest, testInstance = [null], testMethod = [null], testException = [null], mergedContextConfiguration = [WebMergedContextConfiguration@705c3e1f testClass = UsuarioRESTControllerTest, locations = '{}', classes = '{class com.webstore.Runner, class com.webstore.Runner}', contextInitializerClasses = '[]', activeProfiles = '{}', propertySourceLocations = '{}', propertySourceProperties = '{org.springframework.boot.test.context.SpringBootTestContextBootstrapper=true}', contextCustomizers = set[org.springframework.boot.test.context.SpringBootTestContextCustomizer@6b438bd, org.springframework.boot.test.context.filter.ExcludeFilterContextCustomizer@6e1fefb6, org.springframework.boot.test.mock.mockito.MockitoContextCustomizer@0, org.springframework.boot.test.autoconfigure.properties.PropertyMappingContextCustomizer@0, org.springframework.boot.test.autoconfigure.web.servlet.WebDriverContextCustomizerFactory$Customizer@1d3a01b5, org.springframework.test.context.web.socket.MockServerContainerContextCustomizer@4e4d9e1d], resourceBasePath = 'src/main/webapp', contextLoader = 'org.springframework.boot.test.context.SpringBootContextLoader', parent = [null]]], class annotated with @DirtiesContext [false] with mode [null].
17:17:45.020 [Test worker] DEBUG org.springframework.test.annotation.ProfileValueUtils - Retrieved @ProfileValueSourceConfiguration [null] for test class [com.webstore.rest.UsuarioRESTControllerTest]
17:17:45.020 [Test worker] DEBUG org.springframework.test.annotation.ProfileValueUtils - Retrieved ProfileValueSource type [class org.springframework.test.annotation.SystemProfileValueSource] for class [com.webstore.rest.UsuarioRESTControllerTest]
17:17:45.117 [Test worker] DEBUG org.springframework.core.env.StandardEnvironment - Adding [systemProperties] PropertySource with lowest search precedence
17:17:45.117 [Test worker] DEBUG org.springframework.core.env.StandardEnvironment - Adding [systemEnvironment] PropertySource with lowest search precedence
17:17:45.117 [Test worker] DEBUG org.springframework.core.env.StandardEnvironment - Initialized StandardEnvironment with PropertySources [systemProperties,systemEnvironment]
17:17:45.133 [Test worker] DEBUG org.springframework.test.context.support.TestPropertySourceUtils - Adding inlined properties to environment: {spring.jmx.enabled=false, org.springframework.boot.test.context.SpringBootTestContextBootstrapper=true, server.port=-1}
17:17:45.133 [Test worker] DEBUG org.springframework.core.env.StandardEnvironment - Adding [Inlined Test Properties] PropertySource with highest search precedence
2017-09-15 17:17:45.561 DEBUG 134908 --- [    Test worker] .b.l.ClasspathLoggingApplicationListener : Application started with classpath: [file:/C:/Users/Oscar%20Rodr%c3%adguez%20G%c3%b3me/.gradle/caches/3.3/workerMain/gradle-worker.jar, file:/D:/Oscar/Workspace/webstore-app/build/classes/test/, file:/D:/Oscar/Workspace/webstore-app/build/resources/test/, file:/D:/Oscar/Workspace/webstore-app/build/classes/main/, file:/D:/Oscar/Workspace/webstore-app/build/resources/main/, file:/D:/Oscar/Workspace/webstore-app/lib/activation-1.1.jar, file:/D:/Oscar/Workspace/webstore-app/lib/commons-codec-1.6.jar, file:/D:/Oscar/Workspace/webstore-app/lib/commons-httpclient-3.1.jar, file:/D:/Oscar/Workspace/webstore-app/lib/commons-lang-2.6.jar, file:/D:/Oscar/Workspace/webstore-app/lib/commons-logging-1.1.3.jar, file:/D:/Oscar/Workspace/webstore-app/lib/hamcrest-core-1.3.jar, file:/D:/Oscar/Workspace/webstore-app/lib/httpclient-4.3.3.jar, file:/D:/Oscar/Workspace/webstore-app/lib/httpcore-4.3.2.jar, file:/D:/Oscar/Workspace/webstore-app/lib/httpmime-4.3.3.jar, file:/D:/Oscar/Workspace/webstore-app/lib/jackson-core-asl-1.9.2.jar, file:/D:/Oscar/Workspace/webstore-app/lib/jackson-jaxrs-1.9.2.jar, file:/D:/Oscar/Workspace/webstore-app/lib/jackson-mapper-asl-1.9.2.jar, file:/D:/Oscar/Workspace/webstore-app/lib/jackson-xc-1.9.2.jar, file:/D:/Oscar/Workspace/webstore-app/lib/jaxb-api-2.2.2.jar, file:/D:/Oscar/Workspace/webstore-app/lib/jaxb-impl-2.2.3-1.jar, file:/D:/Oscar/Workspace/webstore-app/lib/jersey-apache-client-1.18.1.jar, file:/D:/Oscar/Workspace/webstore-app/lib/jersey-client-1.18.1.jar, file:/D:/Oscar/Workspace/webstore-app/lib/jersey-core-1.18.1.jar, file:/D:/Oscar/Workspace/webstore-app/lib/jersey-json-1.18.1.jar, file:/D:/Oscar/Workspace/webstore-app/lib/jettison-1.3.3.jar, file:/D:/Oscar/Workspace/webstore-app/lib/junit-4.12.jar, file:/D:/Oscar/Workspace/webstore-app/lib/sdk-0.3.4.jar, file:/D:/Oscar/Workspace/webstore-app/lib/stax-api-1.0-2.jar, file:/D:/Oscar/Workspace/webstore-app/lib/stax-api-1.0.1.jar, file:/C:/Users/Oscar%20RodrÃ­guez%20GÃ³me/.gradle/caches/modules-2/files-2.1/org.springframework.boot/spring-boot-starter-data-jpa/1.4.1.RELEASE/cae0497ceff725efd0438f070c8c0ca0ef3a7128/spring-boot-starter-data-jpa-1.4.1.RELEASE.jar, file:/C:/Users/Oscar%20RodrÃ­guez%20GÃ³me/.gradle/caches/modules-2/files-2.1/net.sourceforge.nekohtml/nekohtml/1.9.22/4f54af68ecb345f2453fb6884672ad08414154e3/nekohtml-1.9.22.jar, file:/C:/Users/Oscar%20RodrÃ­guez%20GÃ³me/.gradle/caches/modules-2/files-2.1/org.springframework.boot/spring-boot-starter-thymeleaf/1.4.1.RELEASE/a00fa16d6719b0658fa63811c6a4dbac1d6b0088/spring-boot-starter-thymeleaf-1.4.1.RELEASE.jar, file:/C:/Users/Oscar%20RodrÃ­guez%20GÃ³me/.gradle/caches/modules-2/files-2.1/org.springframework.hateoas/spring-hateoas/0.21.0.RELEASE/515746f4340a4b3f87855377aca9a591f77a6e96/spring-hateoas-0.21.0.RELEASE.jar, file:/C:/Users/Oscar%20RodrÃ­guez%20GÃ³me/.gradle/caches/modules-2/files-2.1/org.springframework.boot/spring-boot-devtools/1.4.1.RELEASE/2f5c9c386f548b831708d57e924a2a022f1d5964/spring-boot-devtools-1.4.1.RELEASE.jar, file:/C:/Users/Oscar%20RodrÃ­guez%20GÃ³me/.gradle/caches/modules-2/files-2.1/javax.mail/javax.mail-api/1.5.6/51c7a973efb1123558b62e95e31ab03cfa00fa7a/javax.mail-api-1.5.6.jar, file:/C:/Users/Oscar%20RodrÃ­guez%20GÃ³me/.gradle/caches/modules-2/files-2.1/com.sun.mail/javax.mail/1.5.6/ab5daef2f881c42c8e280cbe918ec4d7fdfd7efe/javax.mail-1.5.6.jar, file:/C:/Users/Oscar%20RodrÃ­guez%20GÃ³me/.gradle/caches/modules-2/files-2.1/javax.activation/activation/1.1.1/485de3a253e23f645037828c07f1d7f1af40763a/activation-1.1.1.jar, file:/C:/Users/Oscar%20RodrÃ­guez%20GÃ³me/.gradle/caches/modules-2/files-2.1/org.springframework.boot/spring-boot-starter-web/1.4.1.RELEASE/6af87c0c2dd9d82d21cd6061d5c168ef0e07f130/spring-boot-starter-web-1.4.1.RELEASE.jar, file:/C:/Users/Oscar%20RodrÃ­guez%20GÃ³me/.gradle/caches/modules-2/files-2.1/org.codehaus.jettison/jettison/1.3.8/6ad07db4f344d965455c237907f65420ced10ae1/jettison-1.3.8.jar, file:/C:/Users/Oscar%20RodrÃ­guez%20GÃ³me/.gradle/caches/modules-2/files-2.1/mysql/mysql-connector-java/5.1.3/927549528edba4c97883df90de8145fa228a5d8f/mysql-connector-java-5.1.3.jar, file:/C:/Users/Oscar%20RodrÃ­guez%20GÃ³me/.gradle/caches/modules-2/files-2.1/org.springframework.boot/spring-boot-legacy/1.0.2.RELEASE/bf0068d32354bd0b3b2742ff51ef76ec643bc510/spring-boot-legacy-1.0.2.RELEASE.jar, file:/C:/Users/Oscar%20RodrÃ­guez%20GÃ³me/.gradle/caches/modules-2/files-2.1/org.springframework.boot/spring-boot-starter-tomcat/1.4.1.RELEASE/4a9f51ff0941d90f631608bd17dfb67684d99a5b/spring-boot-starter-tomcat-1.4.1.RELEASE.jar, file:/C:/Users/Oscar%20RodrÃ­guez%20GÃ³me/.gradle/caches/modules-2/files-2.1/javax.servlet/jstl/1.2/74aca283cd4f4b4f3e425f5820cda58f44409547/jstl-1.2.jar, file:/C:/Users/Oscar%20RodrÃ­guez%20GÃ³me/.gradle/caches/modules-2/files-2.1/com.h2database/h2/1.4.196/dd0034398d593aa3588c6773faac429bbd9aea0e/h2-1.4.196.jar, file:/C:/Users/Oscar%20RodrÃ­guez%20GÃ³me/.gradle/caches/modules-2/files-2.1/org.springframework.boot/spring-boot-starter-test/1.5.4.RELEASE/a764033c4be6e73310a6b12604a37c20d3bd0176/spring-boot-starter-test-1.5.4.RELEASE.jar, file:/C:/Users/Oscar%20RodrÃ­guez%20GÃ³me/.gradle/caches/modules-2/files-2.1/junit/junit/4.12/2973d150c0dc1fefe998f834810d68f278ea58ec/junit-4.12.jar, file:/C:/Users/Oscar%20RodrÃ­guez%20GÃ³me/.gradle/caches/modules-2/files-2.1/org.springframework.boot/spring-boot-starter/1.4.1.RELEASE/cfdfe0e4903dd398d15ae9a4aab4cc47d91d379f/spring-boot-starter-1.4.1.RELEASE.jar, file:/C:/Users/Oscar%20RodrÃ­guez%20GÃ³me/.gradle/caches/modules-2/files-2.1/org.springframework.boot/spring-boot-starter-aop/1.4.1.RELEASE/bf53ddc99497712ac4636cc2128717bcaa805ee4/spring-boot-starter-aop-1.4.1.RELEASE.jar, file:/C:/Users/Oscar%20RodrÃ­guez%20GÃ³me/.gradle/caches/modules-2/files-2.1/org.springframework.boot/spring-boot-starter-jdbc/1.4.1.RELEASE/65747117d00292fdae59cc8d47aff8e03c12fa17/spring-boot-starter-jdbc-1.4.1.RELEASE.jar, file:/C:/Users/Oscar%20RodrÃ­guez%20GÃ³me/.gradle/caches/modules-2/files-2.1/org.hibernate/hibernate-core/5.0.11.Final/c2487fb72a2217a7cec9ab478d4c21a36fc09977/hibernate-core-5.0.11.Final.jar, file:/C:/Users/Oscar%20RodrÃ­guez%20GÃ³me/.gradle/caches/modules-2/files-2.1/org.hibernate/hibernate-entitymanager/5.0.11.Final/549565caed4e0bcb816843693e66ff7b04ce025f/hibernate-entitymanager-5.0.11.Final.jar, file:/C:/Users/Oscar%20RodrÃ­guez%20GÃ³me/.gradle/caches/modules-2/files-2.1/javax.transaction/javax.transaction-api/1.2/d81aff979d603edd90dcd8db2abc1f4ce6479e3e/javax.transaction-api-1.2.jar, file:/C:/Users/Oscar%20RodrÃ­guez%20GÃ³me/.gradle/caches/modules-2/files-2.1/org.springframework.data/spring-data-jpa/1.10.3.RELEASE/fc31fbdb8ff777d29077ac53a616f11c2c0df59/spring-data-jpa-1.10.3.RELEASE.jar, file:/C:/Users/Oscar%20RodrÃ­guez%20GÃ³me/.gradle/caches/modules-2/files-2.1/org.springframework/spring-aspects/4.3.3.RELEASE/2be5f61557e1cbb5ad8b57b8ccbe898446f782f5/spring-aspects-4.3.3.RELEASE.jar, file:/C:/Users/Oscar%20RodrÃ­guez%20GÃ³me/.gradle/caches/modules-2/files-2.1/xerces/xercesImpl/2.11.0/9bb329db1cfc4e22462c9d6b43a8432f5850e92c/xercesImpl-2.11.0.jar, file:/C:/Users/Oscar%20RodrÃ­guez%20GÃ³me/.gradle/caches/modules-2/files-2.1/org.thymeleaf/thymeleaf-spring4/2.1.5.RELEASE/74cb9028e99597b5d71a98e919fd531a7fc290b4/thymeleaf-spring4-2.1.5.RELEASE.jar, file:/C:/Users/Oscar%20RodrÃ­guez%20GÃ³me/.gradle/caches/modules-2/files-2.1/nz.net.ultraq.thymeleaf/thymeleaf-layout-dialect/1.4.0/8d7810c069ed1534b9631fb1e85c35973546086/thymeleaf-layout-dialect-1.4.0.jar, file:/C:/Users/Oscar%20RodrÃ­guez%20GÃ³me/.gradle/caches/modules-2/files-2.1/org.springframework/spring-aop/4.3.3.RELEASE/3b6b6d116e96fa42fa9bdc9663946a97fc109120/spring-aop-4.3.3.RELEASE.jar, file:/C:/Users/Oscar%20RodrÃ­guez%20GÃ³me/.gradle/caches/modules-2/files-2.1/org.springframework/spring-beans/4.3.3.RELEASE/8e446175b4c8f9bf42abfa11e8194cb729171675/spring-beans-4.3.3.RELEASE.jar, file:/C:/Users/Oscar%20RodrÃ­guez%20GÃ³me/.gradle/caches/modules-2/files-2.1/org.springframework/spring-context/4.3.3.RELEASE/cfcd94c9b28d71e81bdfc058fd386c1aa4a61aea/spring-context-4.3.3.RELEASE.jar, file:/C:/Users/Oscar%20RodrÃ­guez%20GÃ³me/.gradle/caches/modules-2/files-2.1/org.springframework/spring-core/4.3.3.RELEASE/ffad13be3dac6eef7d2418a9de87c2a1592d3033/spring-core-4.3.3.RELEASE.jar, file:/C:/Users/Oscar%20RodrÃ­guez%20GÃ³me/.gradle/caches/modules-2/files-2.1/org.springframework/spring-web/4.3.3.RELEASE/f66f40abfe733621768eae0515ea0dc90bb49753/spring-web-4.3.3.RELEASE.jar, file:/C:/Users/Oscar%20RodrÃ­guez%20GÃ³me/.gradle/caches/modules-2/files-2.1/org.springframework/spring-webmvc/4.3.3.RELEASE/729d7756ba6b41b6ae40be9dff076ba31946f923/spring-webmvc-4.3.3.RELEASE.jar, file:/C:/Users/Oscar%20RodrÃ­guez%20GÃ³me/.gradle/caches/modules-2/files-2.1/org.slf4j/slf4j-api/1.7.21/139535a69a4239db087de9bab0bee568bf8e0b70/slf4j-api-1.7.21.jar, file:/C:/Users/Oscar%20RodrÃ­guez%20GÃ³me/.gradle/caches/modules-2/files-2.1/org.springframework.boot/spring-boot/1.4.1.RELEASE/77e66522f61f02d2597da1ed8bf781ed796a2535/spring-boot-1.4.1.RELEASE.jar, file:/C:/Users/Oscar%20RodrÃ­guez%20GÃ³me/.gradle/caches/modules-2/files-2.1/org.springframework.boot/spring-boot-autoconfigure/1.4.1.RELEASE/db60078355dbe57b3ff5efcbf7b411fb5ae75306/spring-boot-autoconfigure-1.4.1.RELEASE.jar, file:/C:/Users/Oscar%20RodrÃ­guez%20GÃ³me/.gradle/caches/modules-2/files-2.1/org.hibernate/hibernate-validator/5.2.4.Final/fb18766b576aa6632bcfe9a20a023cbd52bf9769/hibernate-validator-5.2.4.Final.jar, file:/C:/Users/Oscar%20RodrÃ­guez%20GÃ³me/.gradle/caches/modules-2/files-2.1/com.fasterxml.jackson.core/jackson-databind/2.8.3/cea3788c72271d45676ce32c0665991674b24cc5/jackson-databind-2.8.3.jar, file:/C:/Users/Oscar%20RodrÃ­guez%20GÃ³me/.gradle/caches/modules-2/files-2.1/stax/stax-api/1.0.1/49c100caf72d658aca8e58bd74a4ba90fa2b0d70/stax-api-1.0.1.jar, file:/C:/Users/Oscar%20RodrÃ­guez%20GÃ³me/.gradle/caches/modules-2/files-2.1/org.apache.tomcat.embed/tomcat-embed-core/8.5.5/d55e12a418ff99ecd723a118c2a28bb91079972d/tomcat-embed-core-8.5.5.jar, file:/C:/Users/Oscar%20RodrÃ­guez%20GÃ³me/.gradle/caches/modules-2/files-2.1/org.apache.tomcat.embed/tomcat-embed-el/8.5.5/54bd595afa6e4fd141c70fb2d1cecacf4bd11e53/tomcat-embed-el-8.5.5.jar, file:/C:/Users/Oscar%20RodrÃ­guez%20GÃ³me/.gradle/caches/modules-2/files-2.1/org.apache.tomcat.embed/tomcat-embed-websocket/8.5.5/fd99cd1cd4c824abdf03466f0509f067747f0d1a/tomcat-embed-websocket-8.5.5.jar, file:/C:/Users/Oscar%20RodrÃ­guez%20GÃ³me/.gradle/caches/modules-2/files-2.1/org.springframework.boot/spring-boot-test/1.4.1.RELEASE/905c8d69e991d018bf0c1d5fa2339cb625f5b37d/spring-boot-test-1.4.1.RELEASE.jar, file:/C:/Users/Oscar%20RodrÃ­guez%20GÃ³me/.gradle/caches/modules-2/files-2.1/org.springframework.boot/spring-boot-test-autoconfigure/1.4.1.RELEASE/5061da3fdebd260fc20689561f5fb82e190df8a5/spring-boot-test-autoconfigure-1.4.1.RELEASE.jar, file:/C:/Users/Oscar%20RodrÃ­guez%20GÃ³me/.gradle/caches/modules-2/files-2.1/com.jayway.jsonpath/json-path/2.2.0/22290d17944bd239fabf5ac69005a60a7ecbbbcb/json-path-2.2.0.jar, file:/C:/Users/Oscar%20RodrÃ­guez%20GÃ³me/.gradle/caches/modules-2/files-2.1/org.assertj/assertj-core/2.5.0/fcd21db4c5f33e5dcac69bf1816415fe0647582f/assertj-core-2.5.0.jar, file:/C:/Users/Oscar%20RodrÃ­guez%20GÃ³me/.gradle/caches/modules-2/files-2.1/org.mockito/mockito-core/1.10.19/e8546f5bef4e061d8dd73895b4e8f40e3fe6effe/mockito-core-1.10.19.jar, file:/C:/Users/Oscar%20RodrÃ­guez%20GÃ³me/.gradle/caches/modules-2/files-2.1/org.hamcrest/hamcrest-core/1.3/42a25dc3219429f0e5d060061f71acb49bf010a0/hamcrest-core-1.3.jar, file:/C:/Users/Oscar%20RodrÃ­guez%20GÃ³me/.gradle/caches/modules-2/files-2.1/org.hamcrest/hamcrest-library/1.3/4785a3c21320980282f9f33d0d1264a69040538f/hamcrest-library-1.3.jar, file:/C:/Users/Oscar%20RodrÃ­guez%20GÃ³me/.gradle/caches/modules-2/files-2.1/org.skyscreamer/jsonassert/1.3.0/d5c250eb122496866de36dc84f98e2945845ecdd/jsonassert-1.3.0.jar, file:/C:/Users/Oscar%20RodrÃ­guez%20GÃ³me/.gradle/caches/modules-2/files-2.1/org.springframework/spring-test/4.3.3.RELEASE/c2762ee500a939ded0435d11957e7630690de2f2/spring-test-4.3.3.RELEASE.jar, file:/C:/Users/Oscar%20RodrÃ­guez%20GÃ³me/.gradle/caches/modules-2/files-2.1/org.springframework.boot/spring-boot-starter-logging/1.4.1.RELEASE/8e84889ed1e13671c494e6130e3631c1dfe3afe9/spring-boot-starter-logging-1.4.1.RELEASE.jar, file:/C:/Users/Oscar%20RodrÃ­guez%20GÃ³me/.gradle/caches/modules-2/files-2.1/org.yaml/snakeyaml/1.17/7a27ea250c5130b2922b86dea63cbb1cc10a660c/snakeyaml-1.17.jar, file:/C:/Users/Oscar%20RodrÃ­guez%20GÃ³me/.gradle/caches/modules-2/files-2.1/org.aspectj/aspectjweaver/1.8.9/db28774f477f07220eac18d5ec9c4e01f48589d7/aspectjweaver-1.8.9.jar, file:/C:/Users/Oscar%20RodrÃ­guez%20GÃ³me/.gradle/caches/modules-2/files-2.1/org.apache.tomcat/tomcat-jdbc/8.5.5/f165a4c562b3902445e400930ef81f78026eb2d9/tomcat-jdbc-8.5.5.jar, file:/C:/Users/Oscar%20RodrÃ­guez%20GÃ³me/.gradle/caches/modules-2/files-2.1/org.springframework/spring-jdbc/4.3.3.RELEASE/fba568b239ad7da9c264016e63a8c7e4b5604fda/spring-jdbc-4.3.3.RELEASE.jar, file:/C:/Users/Oscar%20RodrÃ­guez%20GÃ³me/.gradle/caches/modules-2/files-2.1/org.jboss.logging/jboss-logging/3.3.0.Final/3616bb87707910296e2c195dc016287080bba5af/jboss-logging-3.3.0.Final.jar, file:/C:/Users/Oscar%20RodrÃ­guez%20GÃ³me/.gradle/caches/modules-2/files-2.1/org.hibernate.javax.persistence/hibernate-jpa-2.1-api/1.0.0.Final/5e731d961297e5a07290bfaf3db1fbc8bbbf405a/hibernate-jpa-2.1-api-1.0.0.Final.jar, file:/C:/Users/Oscar%20RodrÃ­guez%20GÃ³me/.gradle/caches/modules-2/files-2.1/org.javassist/javassist/3.20.0-GA/a9cbcdfb7e9f86fbc74d3afae65f2248bfbf82a0/javassist-3.20.0-GA.jar, file:/C:/Users/Oscar%20RodrÃ­guez%20GÃ³me/.gradle/caches/modules-2/files-2.1/antlr/antlr/2.7.7/83cd2cd674a217ade95a4bb83a8a14f351f48bd0/antlr-2.7.7.jar, file:/C:/Users/Oscar%20RodrÃ­guez%20GÃ³me/.gradle/caches/modules-2/files-2.1/org.jboss/jandex/2.0.0.Final/3e899258936f94649c777193e1be846387ed54b3/jandex-2.0.0.Final.jar, file:/C:/Users/Oscar%20RodrÃ­guez%20GÃ³me/.gradle/caches/modules-2/files-2.1/dom4j/dom4j/1.6.1/5d3ccc056b6f056dbf0dddfdf43894b9065a8f94/dom4j-1.6.1.jar, file:/C:/Users/Oscar%20RodrÃ­guez%20GÃ³me/.gradle/caches/modules-2/files-2.1/org.hibernate.common/hibernate-commons-annotations/5.0.1.Final/71e1cff3fcb20d3b3af4f3363c3ddb24d33c6879/hibernate-commons-annotations-5.0.1.Final.jar, file:/C:/Users/Oscar%20RodrÃ­guez%20GÃ³me/.gradle/caches/modules-2/files-2.1/org.springframework.data/spring-data-commons/1.12.3.RELEASE/b1cddcb19373671d0752b0261baf9154d969aab9/spring-data-commons-1.12.3.RELEASE.jar, file:/C:/Users/Oscar%20RodrÃ­guez%20GÃ³me/.gradle/caches/modules-2/files-2.1/org.springframework/spring-orm/4.3.3.RELEASE/b056ec0f83db45415ba8778dcee3e439eec2f13f/spring-orm-4.3.3.RELEASE.jar, file:/C:/Users/Oscar%20RodrÃ­guez%20GÃ³me/.gradle/caches/modules-2/files-2.1/org.springframework/spring-tx/4.3.3.RELEASE/15fe147d2725b9b85bfe79817dc10b4246d0364d/spring-tx-4.3.3.RELEASE.jar, file:/C:/Users/Oscar%20RodrÃ­guez%20GÃ³me/.gradle/caches/modules-2/files-2.1/org.slf4j/jcl-over-slf4j/1.7.21/331b564a3a42f002a0004b039c1c430da89062cd/jcl-over-slf4j-1.7.21.jar, file:/C:/Users/Oscar%20RodrÃ­guez%20GÃ³me/.gradle/caches/modules-2/files-2.1/xml-apis/xml-apis/1.4.01/3789d9fada2d3d458c4ba2de349d48780f381ee3/xml-apis-1.4.01.jar, file:/C:/Users/Oscar%20RodrÃ­guez%20GÃ³me/.gradle/caches/modules-2/files-2.1/org.thymeleaf/thymeleaf/2.1.5.RELEASE/513bffa3daaac277460c1a0a2dccb228fa40569e/thymeleaf-2.1.5.RELEASE.jar, file:/C:/Users/Oscar%20RodrÃ­guez%20GÃ³me/.gradle/caches/modules-2/files-2.1/org.codehaus.groovy/groovy/2.4.7/10870e6511f544ce45152d0ad08d7514a00c8201/groovy-2.4.7.jar, file:/C:/Users/Oscar%20RodrÃ­guez%20GÃ³me/.gradle/caches/modules-2/files-2.1/org.springframework/spring-expression/4.3.3.RELEASE/5e2f2e998370bc7d93c3b2c51f88eb3f95d3a470/spring-expression-4.3.3.RELEASE.jar, file:/C:/Users/Oscar%20RodrÃ­guez%20GÃ³me/.gradle/caches/modules-2/files-2.1/javax.validation/validation-api/1.1.0.Final/8613ae82954779d518631e05daa73a6a954817d5/validation-api-1.1.0.Final.jar, file:/C:/Users/Oscar%20RodrÃ­guez%20GÃ³me/.gradle/caches/modules-2/files-2.1/com.fasterxml/classmate/1.3.1/2ad2fd09dcf5607ca96f8ef432096a96986c40a/classmate-1.3.1.jar, file:/C:/Users/Oscar%20RodrÃ­guez%20GÃ³me/.gradle/caches/modules-2/files-2.1/com.fasterxml.jackson.core/jackson-annotations/2.8.3/c4ed3d7e204b1870f3b72f09bbe68ba1f9a55f57/jackson-annotations-2.8.3.jar, file:/C:/Users/Oscar%20RodrÃ­guez%20GÃ³me/.gradle/caches/modules-2/files-2.1/com.fasterxml.jackson.core/jackson-core/2.8.3/5e1dc37c96308851c3ff609c250dc849c4b12022/jackson-core-2.8.3.jar, file:/C:/Users/Oscar%20RodrÃ­guez%20GÃ³me/.gradle/caches/modules-2/files-2.1/net.minidev/json-smart/2.2.1/5b9e5df7a62d1279b70dc882b041d249c4f0b002/json-smart-2.2.1.jar, file:/C:/Users/Oscar%20RodrÃ­guez%20GÃ³me/.gradle/caches/modules-2/files-2.1/org.objenesis/objenesis/2.1/87c0ea803b69252868d09308b4618f766f135a96/objenesis-2.1.jar, file:/C:/Users/Oscar%20RodrÃ­guez%20GÃ³me/.gradle/caches/modules-2/files-2.1/org.json/json/20140107/d1ffca6e2482b002702c6a576166fd685e3370e3/json-20140107.jar, file:/C:/Users/Oscar%20RodrÃ­guez%20GÃ³me/.gradle/caches/modules-2/files-2.1/ch.qos.logback/logback-classic/1.1.7/9865cf6994f9ff13fce0bf93f2054ef6c65bb462/logback-classic-1.1.7.jar, file:/C:/Users/Oscar%20RodrÃ­guez%20GÃ³me/.gradle/caches/modules-2/files-2.1/org.slf4j/jul-to-slf4j/1.7.21/2f22c882ffa479d1e9ff4eb0e8e2c29f2a0871ed/jul-to-slf4j-1.7.21.jar, file:/C:/Users/Oscar%20RodrÃ­guez%20GÃ³me/.gradle/caches/modules-2/files-2.1/org.slf4j/log4j-over-slf4j/1.7.21/b3700d97464d99bdcd42c0177d6e7951c94d75ff/log4j-over-slf4j-1.7.21.jar, file:/C:/Users/Oscar%20RodrÃ­guez%20GÃ³me/.gradle/caches/modules-2/files-2.1/org.apache.tomcat/tomcat-juli/8.5.5/6ff29cf5a4a13b7b972b67189443a5915cbea234/tomcat-juli-8.5.5.jar, file:/C:/Users/Oscar%20RodrÃ­guez%20GÃ³me/.gradle/caches/modules-2/files-2.1/ognl/ognl/3.0.8/37e1aebfde7eb7baebc9ad4f85116ef9009c5fc5/ognl-3.0.8.jar, file:/C:/Users/Oscar%20RodrÃ­guez%20GÃ³me/.gradle/caches/modules-2/files-2.1/org.unbescape/unbescape/1.1.0.RELEASE/ab0db4fe0a6fa89fb8da2a40008a4e63a7f3f5b9/unbescape-1.1.0.RELEASE.jar, file:/C:/Users/Oscar%20RodrÃ­guez%20GÃ³me/.gradle/caches/modules-2/files-2.1/net.minidev/accessors-smart/1.1/a527213f2fea112a04c9bdf0ec0264e34104cd08/accessors-smart-1.1.jar, file:/C:/Users/Oscar%20RodrÃ­guez%20GÃ³me/.gradle/caches/modules-2/files-2.1/ch.qos.logback/logback-core/1.1.7/7873092d39ef741575ca91378a6a21c388363ac8/logback-core-1.1.7.jar, file:/C:/Users/Oscar%20RodrÃ­guez%20GÃ³me/.gradle/caches/modules-2/files-2.1/org.ow2.asm/asm/5.0.3/dcc2193db20e19e1feca8b1240dbbc4e190824fa/asm-5.0.3.jar]

  .   ____          _            __ _ _
 /\\ / ___'_ __ _ _(_)_ __  __ _ \ \ \ \
( ( )\___ | '_ | '_| | '_ \/ _` | \ \ \ \
 \\/  ___)| |_)| | | | | || (_| |  ) ) ) )
  '  |____| .__|_| |_|_| |_\__, | / / / /
 =========|_|==============|___/=/_/_/_/
 :: Spring Boot ::        (v1.4.1.RELEASE)

2017-09-15 17:17:45.692  INFO 134908 --- [    Test worker] c.w.rest.UsuarioRESTControllerTest       : Starting UsuarioRESTControllerTest on LAPTOP-F0H9IQ95 with PID 134908 (started by Oscar RodrÃ­guez GÃ³me in D:\Oscar\Workspace\webstore-app)
2017-09-15 17:17:45.692  INFO 134908 --- [    Test worker] c.w.rest.UsuarioRESTControllerTest       : No active profile set, falling back to default profiles: default
2017-09-15 17:17:45.692 DEBUG 134908 --- [    Test worker] o.s.boot.SpringApplication               : Loading source class com.webstore.Runner
2017-09-15 17:17:46.216 DEBUG 134908 --- [    Test worker] o.s.b.c.c.ConfigFileApplicationListener  : Loaded config file 'file:/D:/Oscar/Workspace/webstore-app/build/resources/test/application.properties' (classpath:/application.properties)
2017-09-15 17:17:46.216 DEBUG 134908 --- [    Test worker] o.s.b.c.c.ConfigFileApplicationListener  : Skipped (empty) config file 'file:/D:/Oscar/Workspace/webstore-app/build/resources/test/application.properties' (classpath:/application.properties) for profile default
2017-09-15 17:17:46.219  INFO 134908 --- [    Test worker] o.s.w.c.s.GenericWebApplicationContext   : Refreshing org.springframework.web.context.support.GenericWebApplicationContext@292b079c: startup date [Fri Sep 15 17:17:46 CDT 2017]; root of context hierarchy
2017-09-15 17:17:47.616 DEBUG 134908 --- [    Test worker] o.s.b.a.AutoConfigurationPackages        : @EnableAutoConfiguration was declared on a class in the package 'com.webstore'. Automatic @Repository and @Entity scanning is enabled.
2017-09-15 17:17:48.645  INFO 134908 --- [    Test worker] trationDelegate$BeanPostProcessorChecker : Bean 'org.springframework.transaction.annotation.ProxyTransactionManagementConfiguration' of type [class org.springframework.transaction.annotation.ProxyTransactionManagementConfiguration$$EnhancerBySpringCGLIB$$a56b57ae] is not eligible for getting processed by all BeanPostProcessors (for example: not eligible for auto-proxying)
2017-09-15 17:17:49.567  INFO 134908 --- [    Test worker] j.LocalContainerEntityManagerFactoryBean : Building JPA container EntityManagerFactory for persistence unit 'default'
2017-09-15 17:17:49.590  INFO 134908 --- [    Test worker] o.hibernate.jpa.internal.util.LogHelper  : HHH000204: Processing PersistenceUnitInfo [
	name: default
	...]
2017-09-15 17:17:49.680  INFO 134908 --- [    Test worker] org.hibernate.Version                    : HHH000412: Hibernate Core {5.0.11.Final}
2017-09-15 17:17:49.683  INFO 134908 --- [    Test worker] org.hibernate.cfg.Environment            : HHH000206: hibernate.properties not found
2017-09-15 17:17:49.685  INFO 134908 --- [    Test worker] org.hibernate.cfg.Environment            : HHH000021: Bytecode provider name : javassist
2017-09-15 17:17:49.864  INFO 134908 --- [    Test worker] o.hibernate.annotations.common.Version   : HCANN000001: Hibernate Commons Annotations {5.0.1.Final}
2017-09-15 17:17:50.239  INFO 134908 --- [    Test worker] org.hibernate.dialect.Dialect            : HHH000400: Using dialect: org.hibernate.dialect.MySQL5Dialect
2017-09-15 17:17:50.266  INFO 134908 --- [    Test worker] o.h.e.j.e.i.LobCreatorBuilderImpl        : HHH000423: Disabling contextual LOB creation as JDBC driver reported JDBC version [3] less than 4
2017-09-15 17:17:51.017  INFO 134908 --- [    Test worker] j.LocalContainerEntityManagerFactoryBean : Initialized JPA EntityManagerFactory for persistence unit 'default'
2017-09-15 17:17:52.563  INFO 134908 --- [    Test worker] s.w.s.m.m.a.RequestMappingHandlerAdapter : Looking for @ControllerAdvice: org.springframework.web.context.support.GenericWebApplicationContext@292b079c: startup date [Fri Sep 15 17:17:46 CDT 2017]; root of context hierarchy
2017-09-15 17:17:52.649  INFO 134908 --- [    Test worker] s.w.s.m.m.a.RequestMappingHandlerMapping : Mapped "{[/],methods=[GET]}" onto public java.lang.String com.webstore.IndexController.login()
2017-09-15 17:17:52.651  INFO 134908 --- [    Test worker] s.w.s.m.m.a.RequestMappingHandlerMapping : Mapped "{[/altaProducto],methods=[POST]}" onto public void com.webstore.rest.ProductoRESTController.altaProducto(com.webstore.rest.request.ProductoRequest)
2017-09-15 17:17:52.652  INFO 134908 --- [    Test worker] s.w.s.m.m.a.RequestMappingHandlerMapping : Mapped "{[/obtenerProductos],methods=[GET]}" onto public java.util.List<com.webstore.rest.response.ProductoResponse> com.webstore.rest.ProductoRESTController.obtenerProductos(java.lang.Integer)
2017-09-15 17:17:52.653  INFO 134908 --- [    Test worker] s.w.s.m.m.a.RequestMappingHandlerMapping : Mapped "{[/buscarProductos],methods=[GET]}" onto public java.util.List<com.webstore.rest.response.ProductoResponse> com.webstore.rest.ProductoRESTController.buscarProductos(java.lang.String)
2017-09-15 17:17:52.653  INFO 134908 --- [    Test worker] s.w.s.m.m.a.RequestMappingHandlerMapping : Mapped "{[/obtenerProductoById],methods=[GET]}" onto public com.webstore.rest.response.ProductoResponse com.webstore.rest.ProductoRESTController.obtenerProductoById(java.lang.Integer)
2017-09-15 17:17:52.654  INFO 134908 --- [    Test worker] s.w.s.m.m.a.RequestMappingHandlerMapping : Mapped "{[/altaProveedor],methods=[POST]}" onto public void com.webstore.rest.ProveedorRESTController.altaProveedor(com.webstore.rest.request.ProveedorRequest)
2017-09-15 17:17:52.655  INFO 134908 --- [    Test worker] s.w.s.m.m.a.RequestMappingHandlerMapping : Mapped "{[/generarPago],methods=[POST]}" onto public com.webstore.rest.response.GenerarPagoResponse com.webstore.rest.StockRESTController.generarPago(com.webstore.rest.request.PagoRequest) throws java.lang.Exception
2017-09-15 17:17:52.655  INFO 134908 --- [    Test worker] s.w.s.m.m.a.RequestMappingHandlerMapping : Mapped "{[/altaStock],methods=[POST]}" onto public void com.webstore.rest.StockRESTController.altaStock(com.webstore.rest.request.StockRequest) throws java.lang.Exception
2017-09-15 17:17:52.656  INFO 134908 --- [    Test worker] s.w.s.m.m.a.RequestMappingHandlerMapping : Mapped "{[/altaSubTipoProducto],methods=[POST]}" onto public void com.webstore.rest.SubTipoProductoRESTController.altaSubTipoProducto(com.webstore.rest.request.SubTipoProductoRequest)
2017-09-15 17:17:52.657  INFO 134908 --- [    Test worker] s.w.s.m.m.a.RequestMappingHandlerMapping : Mapped "{[/altaTipoProducto],methods=[POST]}" onto public void com.webstore.rest.TipoProductoRESTController.altaTipoProducto(com.webstore.rest.request.TipoProductoRequest)
2017-09-15 17:17:52.658  INFO 134908 --- [    Test worker] s.w.s.m.m.a.RequestMappingHandlerMapping : Mapped "{[/clienteLogin],methods=[POST]}" onto public com.webstore.rest.response.ClienteLoginResponse com.webstore.rest.UsuarioRESTController.clienteLogin(com.webstore.rest.request.LoginRequest)
2017-09-15 17:17:52.659  INFO 134908 --- [    Test worker] s.w.s.m.m.a.RequestMappingHandlerMapping : Mapped "{[/empleadoLogin],methods=[POST]}" onto public com.webstore.rest.response.EmpleadoLoginResponse com.webstore.rest.UsuarioRESTController.empleadoLogin(com.webstore.rest.request.LoginRequest)
2017-09-15 17:17:52.660  INFO 134908 --- [    Test worker] s.w.s.m.m.a.RequestMappingHandlerMapping : Mapped "{[/tiempoAgotado],methods=[GET]}" onto public boolean com.webstore.rest.UsuarioRESTController.tiempoAgotado(java.lang.String,java.lang.String) throws java.lang.Exception
2017-09-15 17:17:52.661  INFO 134908 --- [    Test worker] s.w.s.m.m.a.RequestMappingHandlerMapping : Mapped "{[/clienteLogout],methods=[POST]}" onto public void com.webstore.rest.UsuarioRESTController.clienteLogout(com.webstore.rest.request.LogoutRequest) throws java.lang.Exception
2017-09-15 17:17:52.661  INFO 134908 --- [    Test worker] s.w.s.m.m.a.RequestMappingHandlerMapping : Mapped "{[/solicitarMailContrasenia],methods=[POST]}" onto public boolean com.webstore.rest.UsuarioRESTController.solicitarMailContrasenia(com.webstore.rest.request.SolicitudContraseniaRequest) throws java.lang.Exception
2017-09-15 17:17:52.665  INFO 134908 --- [    Test worker] s.w.s.m.m.a.RequestMappingHandlerMapping : Mapped "{[/error]}" onto public org.springframework.http.ResponseEntity<java.util.Map<java.lang.String, java.lang.Object>> org.springframework.boot.autoconfigure.web.BasicErrorController.error(javax.servlet.http.HttpServletRequest)
2017-09-15 17:17:52.666  INFO 134908 --- [    Test worker] s.w.s.m.m.a.RequestMappingHandlerMapping : Mapped "{[/error],produces=[text/html]}" onto public org.springframework.web.servlet.ModelAndView org.springframework.boot.autoconfigure.web.BasicErrorController.errorHtml(javax.servlet.http.HttpServletRequest,javax.servlet.http.HttpServletResponse)
2017-09-15 17:17:52.704  INFO 134908 --- [    Test worker] o.s.w.s.handler.SimpleUrlHandlerMapping  : Mapped URL path [/webjars/**] onto handler of type [class org.springframework.web.servlet.resource.ResourceHttpRequestHandler]
2017-09-15 17:17:52.705  INFO 134908 --- [    Test worker] o.s.w.s.handler.SimpleUrlHandlerMapping  : Mapped URL path [/**] onto handler of type [class org.springframework.web.servlet.resource.ResourceHttpRequestHandler]
2017-09-15 17:17:52.752  INFO 134908 --- [    Test worker] o.s.w.s.handler.SimpleUrlHandlerMapping  : Mapped URL path [/**/favicon.ico] onto handler of type [class org.springframework.web.servlet.resource.ResourceHttpRequestHandler]
2017-09-15 17:17:53.688 DEBUG 134908 --- [    Test worker] utoConfigurationReportLoggingInitializer : 


=========================
AUTO-CONFIGURATION REPORT
=========================


Positive matches:
-----------------

   AbstractThymeleafViewResolverConfiguration#thymeleafViewResolver matched
      - @ConditionalOnMissingBean (names: thymeleafViewResolver; SearchStrategy: all) did not find any beans (OnBeanCondition)
      - @ConditionalOnProperty (spring.thymeleaf.enabled) matched (OnPropertyCondition)

   AopAutoConfiguration matched
      - @ConditionalOnClass found required classes 'org.springframework.context.annotation.EnableAspectJAutoProxy', 'org.aspectj.lang.annotation.Aspect', 'org.aspectj.lang.reflect.Advice' (OnClassCondition)
      - @ConditionalOnProperty (spring.aop.auto=true) matched (OnPropertyCondition)

   AopAutoConfiguration.JdkDynamicAutoProxyConfiguration matched
      - @ConditionalOnProperty (spring.aop.proxy-target-class=false) matched (OnPropertyCondition)

   DataSourceAutoConfiguration matched
      - @ConditionalOnClass found required classes 'javax.sql.DataSource', 'org.springframework.jdbc.datasource.embedded.EmbeddedDatabaseType' (OnClassCondition)

   DataSourceAutoConfiguration#dataSourceInitializer matched
      - @ConditionalOnMissingBean (types: org.springframework.boot.autoconfigure.jdbc.DataSourceInitializer; SearchStrategy: all) did not find any beans (OnBeanCondition)

   DataSourceAutoConfiguration.PooledDataSourceConfiguration matched
      - AnyNestedCondition 1 matched 1 did not; NestedCondition on DataSourceAutoConfiguration.PooledDataSourceCondition.PooledDataSourceAvailable PooledDataSource found supported DataSource; NestedCondition on DataSourceAutoConfiguration.PooledDataSourceCondition.ExplicitType @ConditionalOnProperty (spring.datasource.type) did not find property 'type' (DataSourceAutoConfiguration.PooledDataSourceCondition)
      - @ConditionalOnMissingBean (types: javax.sql.DataSource,javax.sql.XADataSource; SearchStrategy: all) did not find any beans (OnBeanCondition)

   DataSourceConfiguration.Tomcat matched
      - @ConditionalOnClass found required class 'org.apache.tomcat.jdbc.pool.DataSource' (OnClassCondition)
      - @ConditionalOnProperty (spring.datasource.type=org.apache.tomcat.jdbc.pool.DataSource) matched (OnPropertyCondition)

   DataSourcePoolMetadataProvidersConfiguration.TomcatDataSourcePoolMetadataProviderConfiguration matched
      - @ConditionalOnClass found required class 'org.apache.tomcat.jdbc.pool.DataSource' (OnClassCondition)

   DataSourceTransactionManagerAutoConfiguration matched
      - @ConditionalOnClass found required classes 'org.springframework.jdbc.core.JdbcTemplate', 'org.springframework.transaction.PlatformTransactionManager' (OnClassCondition)

   DataSourceTransactionManagerAutoConfiguration.DataSourceTransactionManagerConfiguration matched
      - @ConditionalOnSingleCandidate (types: javax.sql.DataSource; SearchStrategy: all) found a primary bean from beans 'dataSource' (OnBeanCondition)

   DataSourceTransactionManagerAutoConfiguration.TransactionManagementConfiguration matched
      - @ConditionalOnMissingBean (types: org.springframework.transaction.annotation.AbstractTransactionManagementConfiguration; SearchStrategy: all) did not find any beans (OnBeanCondition)

   DevToolsDataSourceAutoConfiguration matched
      - DevTools DataSource Condition found auto-configured DataSource (DevToolsDataSourceAutoConfiguration.DevToolsDataSourceCondition)

   DevToolsDataSourceAutoConfiguration.DatabaseShutdownExecutorJpaDependencyConfiguration matched
      - @ConditionalOnClass found required class 'org.springframework.orm.jpa.LocalContainerEntityManagerFactoryBean' (OnClassCondition)
      - @ConditionalOnBean (types: org.springframework.orm.jpa.AbstractEntityManagerFactoryBean; SearchStrategy: all) found bean '&entityManagerFactory' (OnBeanCondition)

   DispatcherServletAutoConfiguration matched
      - @ConditionalOnClass found required class 'org.springframework.web.servlet.DispatcherServlet' (OnClassCondition)
      - @ConditionalOnWebApplication (required) found 'session' scope (OnWebApplicationCondition)

   DispatcherServletAutoConfiguration.DispatcherServletConfiguration matched
      - @ConditionalOnClass found required class 'javax.servlet.ServletRegistration' (OnClassCondition)
      - Default DispatcherServlet did not find dispatcher servlet beans (DispatcherServletAutoConfiguration.DefaultDispatcherServletCondition)

   DispatcherServletAutoConfiguration.DispatcherServletRegistrationConfiguration matched
      - @ConditionalOnClass found required class 'javax.servlet.ServletRegistration' (OnClassCondition)
      - DispatcherServlet Registration did not find servlet registration bean (DispatcherServletAutoConfiguration.DispatcherServletRegistrationCondition)

   DispatcherServletAutoConfiguration.DispatcherServletRegistrationConfiguration#dispatcherServletRegistration matched
      - @ConditionalOnBean (names: dispatcherServlet; types: org.springframework.web.servlet.DispatcherServlet; SearchStrategy: all) found beans 'dispatcherServlet', 'dispatcherServlet' (OnBeanCondition)

   EmbeddedServletContainerAutoConfiguration matched
      - @ConditionalOnWebApplication (required) found 'session' scope (OnWebApplicationCondition)

   EmbeddedServletContainerAutoConfiguration.EmbeddedTomcat matched
      - @ConditionalOnClass found required classes 'javax.servlet.Servlet', 'org.apache.catalina.startup.Tomcat' (OnClassCondition)
      - @ConditionalOnMissingBean (types: org.springframework.boot.context.embedded.EmbeddedServletContainerFactory; SearchStrategy: current) did not find any beans (OnBeanCondition)

   ErrorMvcAutoConfiguration matched
      - @ConditionalOnClass found required classes 'javax.servlet.Servlet', 'org.springframework.web.servlet.DispatcherServlet' (OnClassCondition)
      - @ConditionalOnWebApplication (required) found 'session' scope (OnWebApplicationCondition)

   ErrorMvcAutoConfiguration#basicErrorController matched
      - @ConditionalOnMissingBean (types: org.springframework.boot.autoconfigure.web.ErrorController; SearchStrategy: current) did not find any beans (OnBeanCondition)

   ErrorMvcAutoConfiguration#conventionErrorViewResolver matched
      - @ConditionalOnBean (types: org.springframework.web.servlet.DispatcherServlet; SearchStrategy: all) found bean 'dispatcherServlet'; @ConditionalOnMissingBean (types: org.springframework.boot.autoconfigure.web.DefaultErrorViewResolver; SearchStrategy: all) did not find any beans (OnBeanCondition)

   ErrorMvcAutoConfiguration#errorAttributes matched
      - @ConditionalOnMissingBean (types: org.springframework.boot.autoconfigure.web.ErrorAttributes; SearchStrategy: current) did not find any beans (OnBeanCondition)

   ErrorMvcAutoConfiguration.WhitelabelErrorViewConfiguration matched
      - ErrorTemplate Missing did not find error template view (ErrorMvcAutoConfiguration.ErrorTemplateMissingCondition)
      - @ConditionalOnProperty (server.error.whitelabel.enabled) matched (OnPropertyCondition)

   ErrorMvcAutoConfiguration.WhitelabelErrorViewConfiguration#beanNameViewResolver matched
      - @ConditionalOnMissingBean (types: org.springframework.web.servlet.view.BeanNameViewResolver; SearchStrategy: all) did not find any beans (OnBeanCondition)

   ErrorMvcAutoConfiguration.WhitelabelErrorViewConfiguration#defaultErrorView matched
      - @ConditionalOnMissingBean (names: error; SearchStrategy: all) did not find any beans (OnBeanCondition)

   GenericCacheConfiguration matched
      - Cache org.springframework.boot.autoconfigure.cache.GenericCacheConfiguration automatic cache type (CacheCondition)

   H2ConsoleAutoConfiguration matched
      - @ConditionalOnClass found required class 'org.h2.server.web.WebServlet' (OnClassCondition)
      - @ConditionalOnWebApplication (required) found 'session' scope (OnWebApplicationCondition)
      - @ConditionalOnProperty (spring.h2.console.enabled=true) matched (OnPropertyCondition)

   HibernateJpaAutoConfiguration matched
      - @ConditionalOnClass found required classes 'org.springframework.orm.jpa.LocalContainerEntityManagerFactoryBean', 'org.springframework.transaction.annotation.EnableTransactionManagement', 'javax.persistence.EntityManager' (OnClassCondition)
      - HibernateEntityManager found class 'org.hibernate.ejb.HibernateEntityManager' (HibernateJpaAutoConfiguration.HibernateEntityManagerCondition)

   HttpEncodingAutoConfiguration matched
      - @ConditionalOnClass found required class 'org.springframework.web.filter.CharacterEncodingFilter' (OnClassCondition)
      - @ConditionalOnWebApplication (required) found 'session' scope (OnWebApplicationCondition)
      - @ConditionalOnProperty (spring.http.encoding.enabled) matched (OnPropertyCondition)

   HttpEncodingAutoConfiguration#characterEncodingFilter matched
      - @ConditionalOnMissingBean (types: org.springframework.web.filter.CharacterEncodingFilter; SearchStrategy: all) did not find any beans (OnBeanCondition)

   HttpMessageConvertersAutoConfiguration matched
      - @ConditionalOnClass found required class 'org.springframework.http.converter.HttpMessageConverter' (OnClassCondition)

   HttpMessageConvertersAutoConfiguration#messageConverters matched
      - @ConditionalOnMissingBean (types: org.springframework.boot.autoconfigure.web.HttpMessageConverters; SearchStrategy: all) did not find any beans (OnBeanCondition)

   HttpMessageConvertersAutoConfiguration.StringHttpMessageConverterConfiguration matched
      - @ConditionalOnClass found required class 'org.springframework.http.converter.StringHttpMessageConverter' (OnClassCondition)

   HttpMessageConvertersAutoConfiguration.StringHttpMessageConverterConfiguration#stringHttpMessageConverter matched
      - @ConditionalOnMissingBean (types: org.springframework.http.converter.StringHttpMessageConverter; SearchStrategy: all) did not find any beans (OnBeanCondition)

   JacksonAutoConfiguration matched
      - @ConditionalOnClass found required class 'com.fasterxml.jackson.databind.ObjectMapper' (OnClassCondition)

   JacksonAutoConfiguration.Jackson2ObjectMapperBuilderCustomizerConfiguration matched
      - @ConditionalOnClass found required classes 'com.fasterxml.jackson.databind.ObjectMapper', 'org.springframework.http.converter.json.Jackson2ObjectMapperBuilder' (OnClassCondition)

   JacksonAutoConfiguration.JacksonObjectMapperBuilderConfiguration matched
      - @ConditionalOnClass found required classes 'com.fasterxml.jackson.databind.ObjectMapper', 'org.springframework.http.converter.json.Jackson2ObjectMapperBuilder' (OnClassCondition)

   JacksonAutoConfiguration.JacksonObjectMapperBuilderConfiguration#jacksonObjectMapperBuilder matched
      - @ConditionalOnMissingBean (types: org.springframework.http.converter.json.Jackson2ObjectMapperBuilder; SearchStrategy: all) did not find any beans (OnBeanCondition)

   JacksonAutoConfiguration.JacksonObjectMapperConfiguration matched
      - @ConditionalOnClass found required classes 'com.fasterxml.jackson.databind.ObjectMapper', 'org.springframework.http.converter.json.Jackson2ObjectMapperBuilder' (OnClassCondition)

   JacksonAutoConfiguration.JacksonObjectMapperConfiguration#jacksonObjectMapper matched
      - @ConditionalOnMissingBean (types: com.fasterxml.jackson.databind.ObjectMapper; SearchStrategy: all) did not find any beans (OnBeanCondition)

   JacksonHttpMessageConvertersConfiguration.MappingJackson2HttpMessageConverterConfiguration matched
      - @ConditionalOnClass found required class 'com.fasterxml.jackson.databind.ObjectMapper' (OnClassCondition)
      - @ConditionalOnProperty (spring.http.converters.preferred-json-mapper=jackson) matched (OnPropertyCondition)
      - @ConditionalOnBean (types: com.fasterxml.jackson.databind.ObjectMapper; SearchStrategy: all) found bean 'jacksonObjectMapper' (OnBeanCondition)

   JacksonHttpMessageConvertersConfiguration.MappingJackson2HttpMessageConverterConfiguration#mappingJackson2HttpMessageConverter matched
      - @ConditionalOnMissingBean (types: org.springframework.http.converter.json.MappingJackson2HttpMessageConverter; SearchStrategy: all) did not find any beans (OnBeanCondition)

   JdbcTemplateAutoConfiguration matched
      - @ConditionalOnClass found required classes 'javax.sql.DataSource', 'org.springframework.jdbc.core.JdbcTemplate' (OnClassCondition)
      - @ConditionalOnSingleCandidate (types: javax.sql.DataSource; SearchStrategy: all) found a primary bean from beans 'dataSource' (OnBeanCondition)

   JdbcTemplateAutoConfiguration#jdbcTemplate matched
      - @ConditionalOnMissingBean (types: org.springframework.jdbc.core.JdbcOperations; SearchStrategy: all) did not find any beans (OnBeanCondition)

   JdbcTemplateAutoConfiguration#namedParameterJdbcTemplate matched
      - @ConditionalOnMissingBean (types: org.springframework.jdbc.core.namedparam.NamedParameterJdbcOperations; SearchStrategy: all) did not find any beans (OnBeanCondition)

   JpaBaseConfiguration#entityManagerFactory matched
      - @ConditionalOnMissingBean (types: org.springframework.orm.jpa.LocalContainerEntityManagerFactoryBean,javax.persistence.EntityManagerFactory; SearchStrategy: all) did not find any beans (OnBeanCondition)

   JpaBaseConfiguration#entityManagerFactoryBuilder matched
      - @ConditionalOnMissingBean (types: org.springframework.boot.orm.jpa.EntityManagerFactoryBuilder; SearchStrategy: all) did not find any beans (OnBeanCondition)

   JpaBaseConfiguration#jpaVendorAdapter matched
      - @ConditionalOnMissingBean (types: org.springframework.orm.jpa.JpaVendorAdapter; SearchStrategy: all) did not find any beans (OnBeanCondition)

   JpaBaseConfiguration#transactionManager matched
      - @ConditionalOnMissingBean (types: org.springframework.transaction.PlatformTransactionManager; SearchStrategy: all) did not find any beans (OnBeanCondition)

   JpaBaseConfiguration.JpaWebConfiguration matched
      - @ConditionalOnClass found required class 'org.springframework.web.servlet.config.annotation.WebMvcConfigurerAdapter' (OnClassCondition)
      - @ConditionalOnWebApplication (required) found 'session' scope (OnWebApplicationCondition)
      - @ConditionalOnProperty (spring.jpa.open-in-view=true) matched (OnPropertyCondition)
      - @ConditionalOnMissingBean (types: org.springframework.orm.jpa.support.OpenEntityManagerInViewInterceptor,org.springframework.orm.jpa.support.OpenEntityManagerInViewFilter; SearchStrategy: all) did not find any beans (OnBeanCondition)

   JpaRepositoriesAutoConfiguration matched
      - @ConditionalOnClass found required class 'org.springframework.data.jpa.repository.JpaRepository' (OnClassCondition)
      - @ConditionalOnProperty (spring.data.jpa.repositories.enabled=true) matched (OnPropertyCondition)
      - @ConditionalOnBean (types: javax.sql.DataSource; SearchStrategy: all) found bean 'dataSource'; @ConditionalOnMissingBean (types: org.springframework.data.jpa.repository.support.JpaRepositoryFactoryBean,org.springframework.data.jpa.repository.config.JpaRepositoryConfigExtension; SearchStrategy: all) did not find any beans (OnBeanCondition)

   JtaAutoConfiguration matched
      - @ConditionalOnClass found required class 'javax.transaction.Transaction' (OnClassCondition)
      - @ConditionalOnProperty (spring.jta.enabled) matched (OnPropertyCondition)

   MultipartAutoConfiguration matched
      - @ConditionalOnClass found required classes 'javax.servlet.Servlet', 'org.springframework.web.multipart.support.StandardServletMultipartResolver', 'javax.servlet.MultipartConfigElement' (OnClassCondition)
      - @ConditionalOnProperty (spring.http.multipart.enabled) matched (OnPropertyCondition)

   MultipartAutoConfiguration#multipartConfigElement matched
      - @ConditionalOnMissingBean (types: javax.servlet.MultipartConfigElement; SearchStrategy: all) did not find any beans (OnBeanCondition)

   MultipartAutoConfiguration#multipartResolver matched
      - @ConditionalOnMissingBean (types: org.springframework.web.multipart.MultipartResolver; SearchStrategy: all) did not find any beans (OnBeanCondition)

   NoOpCacheConfiguration matched
      - Cache org.springframework.boot.autoconfigure.cache.NoOpCacheConfiguration automatic cache type (CacheCondition)

   PersistenceExceptionTranslationAutoConfiguration matched
      - @ConditionalOnClass found required class 'org.springframework.dao.annotation.PersistenceExceptionTranslationPostProcessor' (OnClassCondition)

   PersistenceExceptionTranslationAutoConfiguration#persistenceExceptionTranslationPostProcessor matched
      - @ConditionalOnMissingBean (types: org.springframework.dao.annotation.PersistenceExceptionTranslationPostProcessor; SearchStrategy: all) did not find any beans (OnBeanCondition)
      - @ConditionalOnProperty (spring.dao.exceptiontranslation.enabled) matched (OnPropertyCondition)

   PropertyPlaceholderAutoConfiguration#propertySourcesPlaceholderConfigurer matched
      - @ConditionalOnMissingBean (types: org.springframework.context.support.PropertySourcesPlaceholderConfigurer; SearchStrategy: current) did not find any beans (OnBeanCondition)

   RedisCacheConfiguration matched
      - Cache org.springframework.boot.autoconfigure.cache.RedisCacheConfiguration automatic cache type (CacheCondition)

   ServerPropertiesAutoConfiguration matched
      - @ConditionalOnWebApplication (required) found 'session' scope (OnWebApplicationCondition)

   ServerPropertiesAutoConfiguration#serverProperties matched
      - @ConditionalOnMissingBean (types: org.springframework.boot.autoconfigure.web.ServerProperties; SearchStrategy: current) did not find any beans (OnBeanCondition)

   SimpleCacheConfiguration matched
      - Cache org.springframework.boot.autoconfigure.cache.SimpleCacheConfiguration automatic cache type (CacheCondition)

   SpringDataWebAutoConfiguration matched
      - @ConditionalOnClass found required classes 'org.springframework.data.web.PageableHandlerMethodArgumentResolver', 'org.springframework.web.servlet.config.annotation.WebMvcConfigurerAdapter' (OnClassCondition)
      - @ConditionalOnWebApplication (required) found 'session' scope (OnWebApplicationCondition)
      - @ConditionalOnMissingBean (types: org.springframework.data.web.PageableHandlerMethodArgumentResolver; SearchStrategy: all) did not find any beans (OnBeanCondition)

   ThymeleafAutoConfiguration matched
      - @ConditionalOnClass found required class 'org.thymeleaf.spring4.SpringTemplateEngine' (OnClassCondition)

   ThymeleafAutoConfiguration.Thymeleaf2Configuration matched
      - @ConditionalOnMissingClass did not find unwanted class 'org.thymeleaf.templatemode.TemplateMode' (OnClassCondition)

   ThymeleafAutoConfiguration.Thymeleaf2Configuration.DefaultTemplateResolverConfiguration matched
      - @ConditionalOnMissingBean (names: defaultTemplateResolver; SearchStrategy: all) did not find any beans (OnBeanCondition)

   ThymeleafAutoConfiguration.Thymeleaf2Configuration.Thymeleaf2ViewResolverConfiguration matched
      - @ConditionalOnClass found required class 'javax.servlet.Servlet' (OnClassCondition)
      - @ConditionalOnWebApplication (required) found 'session' scope (OnWebApplicationCondition)

   ThymeleafAutoConfiguration.ThymeleafDefaultConfiguration matched
      - @ConditionalOnMissingBean (types: org.thymeleaf.spring4.SpringTemplateEngine; SearchStrategy: all) did not find any beans (OnBeanCondition)

   ThymeleafAutoConfiguration.ThymeleafResourceHandlingConfig matched
      - @ConditionalOnWebApplication (required) found 'session' scope (OnWebApplicationCondition)

   ThymeleafAutoConfiguration.ThymeleafWebLayoutConfiguration matched
      - @ConditionalOnClass found required class 'nz.net.ultraq.thymeleaf.LayoutDialect' (OnClassCondition)

   ThymeleafAutoConfiguration.ThymeleafWebLayoutConfiguration#layoutDialect matched
      - @ConditionalOnMissingBean (types: nz.net.ultraq.thymeleaf.LayoutDialect; SearchStrategy: all) did not find any beans (OnBeanCondition)

   TransactionAutoConfiguration matched
      - @ConditionalOnClass found required classes 'org.springframework.transaction.support.TransactionTemplate', 'org.springframework.transaction.PlatformTransactionManager' (OnClassCondition)
      - @ConditionalOnSingleCandidate (types: org.springframework.transaction.PlatformTransactionManager; SearchStrategy: all) found a primary bean from beans 'transactionManager' (OnBeanCondition)

   TransactionAutoConfiguration#transactionTemplate matched
      - @ConditionalOnMissingBean (types: org.springframework.transaction.support.TransactionTemplate; SearchStrategy: all) did not find any beans (OnBeanCondition)

   WebClientAutoConfiguration.RestTemplateConfiguration matched
      - @ConditionalOnClass found required class 'org.springframework.web.client.RestTemplate' (OnClassCondition)

   WebClientAutoConfiguration.RestTemplateConfiguration#restTemplateBuilder matched
      - @ConditionalOnMissingBean (types: org.springframework.boot.web.client.RestTemplateBuilder; SearchStrategy: all) did not find any beans (OnBeanCondition)

   WebMvcAutoConfiguration matched
      - @ConditionalOnClass found required classes 'javax.servlet.Servlet', 'org.springframework.web.servlet.DispatcherServlet', 'org.springframework.web.servlet.config.annotation.WebMvcConfigurerAdapter' (OnClassCondition)
      - @ConditionalOnWebApplication (required) found 'session' scope (OnWebApplicationCondition)
      - @ConditionalOnMissingBean (types: org.springframework.web.servlet.config.annotation.WebMvcConfigurationSupport; SearchStrategy: all) did not find any beans (OnBeanCondition)

   WebMvcAutoConfiguration#hiddenHttpMethodFilter matched
      - @ConditionalOnMissingBean (types: org.springframework.web.filter.HiddenHttpMethodFilter; SearchStrategy: all) did not find any beans (OnBeanCondition)

   WebMvcAutoConfiguration#httpPutFormContentFilter matched
      - @ConditionalOnMissingBean (types: org.springframework.web.filter.HttpPutFormContentFilter; SearchStrategy: all) did not find any beans (OnBeanCondition)
      - @ConditionalOnProperty (spring.mvc.formcontent.putfilter.enabled) matched (OnPropertyCondition)

   WebMvcAutoConfiguration.WebMvcAutoConfigurationAdapter#defaultViewResolver matched
      - @ConditionalOnMissingBean (types: org.springframework.web.servlet.view.InternalResourceViewResolver; SearchStrategy: all) did not find any beans (OnBeanCondition)

   WebMvcAutoConfiguration.WebMvcAutoConfigurationAdapter#requestContextFilter matched
      - @ConditionalOnMissingBean (types: org.springframework.web.context.request.RequestContextListener,org.springframework.web.filter.RequestContextFilter; SearchStrategy: all) did not find any beans (OnBeanCondition)

   WebMvcAutoConfiguration.WebMvcAutoConfigurationAdapter#viewResolver matched
      - @ConditionalOnBean (types: org.springframework.web.servlet.ViewResolver; SearchStrategy: all) found beans 'beanNameViewResolver', 'defaultViewResolver', 'mvcViewResolver'; @ConditionalOnMissingBean (names: viewResolver; types: org.springframework.web.servlet.view.ContentNegotiatingViewResolver; SearchStrategy: all) did not find any beans (OnBeanCondition)

   WebMvcAutoConfiguration.WebMvcAutoConfigurationAdapter.FaviconConfiguration matched
      - @ConditionalOnProperty (spring.mvc.favicon.enabled) matched (OnPropertyCondition)

   WebSocketAutoConfiguration matched
      - @ConditionalOnClass found required classes 'javax.servlet.Servlet', 'javax.websocket.server.ServerContainer' (OnClassCondition)
      - @ConditionalOnWebApplication (required) found 'session' scope (OnWebApplicationCondition)

   WebSocketAutoConfiguration.TomcatWebSocketConfiguration matched
      - @ConditionalOnClass found required classes 'org.apache.catalina.startup.Tomcat', 'org.apache.tomcat.websocket.server.WsSci' (OnClassCondition)

   WebSocketAutoConfiguration.TomcatWebSocketConfiguration#websocketContainerCustomizer matched
      - @ConditionalOnJava (1.7 or newer) found 1.8 (OnJavaCondition)
      - @ConditionalOnMissingBean (names: websocketContainerCustomizer; SearchStrategy: all) did not find any beans (OnBeanCondition)


Negative matches:
-----------------

   ActiveMQAutoConfiguration did not match
      - @ConditionalOnClass did not find required classes 'javax.jms.ConnectionFactory', 'org.apache.activemq.ActiveMQConnectionFactory' (OnClassCondition)

   AopAutoConfiguration.CglibAutoProxyConfiguration did not match
      - @ConditionalOnProperty (spring.aop.proxy-target-class=true) did not find property 'proxy-target-class' (OnPropertyCondition)

   ArtemisAutoConfiguration did not match
      - @ConditionalOnClass did not find required classes 'javax.jms.ConnectionFactory', 'org.apache.activemq.artemis.jms.client.ActiveMQConnectionFactory' (OnClassCondition)

   AtomikosJtaConfiguration did not match
      - @ConditionalOnClass did not find required class 'com.atomikos.icatch.jta.UserTransactionManager' (OnClassCondition)

   BatchAutoConfiguration did not match
      - @ConditionalOnClass did not find required class 'org.springframework.batch.core.launch.JobLauncher' (OnClassCondition)

   BitronixJtaConfiguration did not match
      - @ConditionalOnClass did not find required class 'bitronix.tm.jndi.BitronixContext' (OnClassCondition)

   CacheAutoConfiguration did not match
      - @ConditionalOnClass found required class 'org.springframework.cache.CacheManager' (OnClassCondition)
      - @ConditionalOnBean (types: org.springframework.cache.interceptor.CacheAspectSupport; SearchStrategy: all) did not find any beans (OnBeanCondition)

   CacheAutoConfiguration.CacheManagerJpaDependencyConfiguration did not match
      - @ConditionalOnClass found required class 'org.springframework.orm.jpa.LocalContainerEntityManagerFactoryBean' (OnClassCondition)
      - Ancestor org.springframework.boot.autoconfigure.cache.CacheAutoConfiguration did not match (ConditionEvaluationReport.AncestorsMatchedCondition)

   CaffeineCacheConfiguration did not match
      - @ConditionalOnClass did not find required classes 'com.github.benmanes.caffeine.cache.Caffeine', 'org.springframework.cache.caffeine.CaffeineCacheManager' (OnClassCondition)

   CassandraAutoConfiguration did not match
      - @ConditionalOnClass did not find required class 'com.datastax.driver.core.Cluster' (OnClassCondition)

   CassandraDataAutoConfiguration did not match
      - @ConditionalOnClass did not find required classes 'com.datastax.driver.core.Cluster', 'org.springframework.data.cassandra.core.CassandraAdminOperations' (OnClassCondition)

   CassandraRepositoriesAutoConfiguration did not match
      - @ConditionalOnClass did not find required classes 'com.datastax.driver.core.Session', 'org.springframework.data.cassandra.repository.CassandraRepository' (OnClassCondition)

   CloudAutoConfiguration did not match
      - @ConditionalOnClass did not find required class 'org.springframework.cloud.config.java.CloudScanConfiguration' (OnClassCondition)

   CouchbaseAutoConfiguration did not match
      - @ConditionalOnClass did not find required classes 'com.couchbase.client.java.CouchbaseBucket', 'com.couchbase.client.java.Cluster' (OnClassCondition)

   CouchbaseCacheConfiguration did not match
      - @ConditionalOnClass did not find required classes 'com.couchbase.client.java.Bucket', 'com.couchbase.client.spring.cache.CouchbaseCacheManager' (OnClassCondition)

   CouchbaseDataAutoConfiguration did not match
      - @ConditionalOnClass did not find required classes 'com.couchbase.client.java.Bucket', 'org.springframework.data.couchbase.repository.CouchbaseRepository' (OnClassCondition)

   CouchbaseRepositoriesAutoConfiguration did not match
      - @ConditionalOnClass did not find required classes 'com.couchbase.client.java.Bucket', 'org.springframework.data.couchbase.repository.CouchbaseRepository' (OnClassCondition)

   DataSourceAutoConfiguration.EmbeddedDatabaseConfiguration did not match
      - EmbeddedDataSource found supported pooled data source (DataSourceAutoConfiguration.EmbeddedDatabaseCondition)

   DataSourceAutoConfiguration.TomcatDataSourceJmxConfiguration did not match
      - @ConditionalOnClass found required class 'org.apache.tomcat.jdbc.pool.DataSourceProxy' (OnClassCondition)
      - EmbeddedDataAvailable found existing auto-configured database (DataSourceAutoConfiguration.DataSourceAvailableCondition)
      - @ConditionalOnProperty (spring.datasource.jmx-enabled) did not find property 'jmx-enabled' (OnPropertyCondition)

   DataSourceConfiguration.Dbcp did not match
      - @ConditionalOnClass did not find required class 'org.apache.commons.dbcp.BasicDataSource' (OnClassCondition)

   DataSourceConfiguration.Dbcp2 did not match
      - @ConditionalOnClass did not find required class 'org.apache.commons.dbcp2.BasicDataSource' (OnClassCondition)

   DataSourceConfiguration.Generic did not match
      - @ConditionalOnProperty (spring.datasource.type) did not find property 'spring.datasource.type' (OnPropertyCondition)

   DataSourceConfiguration.Hikari did not match
      - @ConditionalOnClass did not find required class 'com.zaxxer.hikari.HikariDataSource' (OnClassCondition)

   DataSourcePoolMetadataProvidersConfiguration.CommonsDbcp2PoolDataSourceMetadataProviderConfiguration did not match
      - @ConditionalOnClass did not find required class 'org.apache.commons.dbcp2.BasicDataSource' (OnClassCondition)

   DataSourcePoolMetadataProvidersConfiguration.CommonsDbcpPoolDataSourceMetadataProviderConfiguration did not match
      - @ConditionalOnClass did not find required class 'org.apache.commons.dbcp.BasicDataSource' (OnClassCondition)

   DataSourcePoolMetadataProvidersConfiguration.HikariPoolDataSourceMetadataProviderConfiguration did not match
      - @ConditionalOnClass did not find required class 'com.zaxxer.hikari.HikariDataSource' (OnClassCondition)

   DataSourceTransactionManagerAutoConfiguration.DataSourceTransactionManagerConfiguration#transactionManager did not match
      - @ConditionalOnMissingBean (types: org.springframework.transaction.PlatformTransactionManager; SearchStrategy: all) found bean 'transactionManager' (OnBeanCondition)

   DeviceDelegatingViewResolverAutoConfiguration did not match
      - @ConditionalOnClass did not find required class 'org.springframework.mobile.device.view.LiteDeviceDelegatingViewResolver' (OnClassCondition)

   DeviceResolverAutoConfiguration did not match
      - @ConditionalOnClass did not find required classes 'org.springframework.mobile.device.DeviceResolverHandlerInterceptor', 'org.springframework.mobile.device.DeviceHandlerMethodArgumentResolver' (OnClassCondition)

   DispatcherServletAutoConfiguration.DispatcherServletConfiguration#multipartResolver did not match
      - @ConditionalOnBean (types: org.springframework.web.multipart.MultipartResolver; SearchStrategy: all) did not find any beans (OnBeanCondition)

   EhCacheCacheConfiguration did not match
      - @ConditionalOnClass did not find required classes 'net.sf.ehcache.Cache', 'org.springframework.cache.ehcache.EhCacheCacheManager' (OnClassCondition)

   ElasticsearchAutoConfiguration did not match
      - @ConditionalOnClass did not find required classes 'org.elasticsearch.client.Client', 'org.springframework.data.elasticsearch.client.TransportClientFactoryBean', 'org.springframework.data.elasticsearch.client.NodeClientFactoryBean' (OnClassCondition)

   ElasticsearchDataAutoConfiguration did not match
      - @ConditionalOnClass did not find required classes 'org.elasticsearch.client.Client', 'org.springframework.data.elasticsearch.core.ElasticsearchTemplate' (OnClassCondition)

   ElasticsearchRepositoriesAutoConfiguration did not match
      - @ConditionalOnClass did not find required classes 'org.elasticsearch.client.Client', 'org.springframework.data.elasticsearch.repository.ElasticsearchRepository' (OnClassCondition)

   EmbeddedMongoAutoConfiguration did not match
      - @ConditionalOnClass did not find required classes 'com.mongodb.Mongo', 'de.flapdoodle.embed.mongo.MongodStarter' (OnClassCondition)

   EmbeddedServletContainerAutoConfiguration.EmbeddedJetty did not match
      - @ConditionalOnClass did not find required classes 'org.eclipse.jetty.server.Server', 'org.eclipse.jetty.util.Loader', 'org.eclipse.jetty.webapp.WebAppContext' (OnClassCondition)

   EmbeddedServletContainerAutoConfiguration.EmbeddedUndertow did not match
      - @ConditionalOnClass did not find required classes 'io.undertow.Undertow', 'org.xnio.SslClientAuthMode' (OnClassCondition)

   FacebookAutoConfiguration did not match
      - @ConditionalOnClass did not find required classes 'org.springframework.social.config.annotation.SocialConfigurerAdapter', 'org.springframework.social.facebook.connect.FacebookConnectionFactory' (OnClassCondition)

   FallbackWebSecurityAutoConfiguration did not match
      - @ConditionalOnClass did not find required class 'org.springframework.security.config.annotation.web.configuration.EnableWebSecurity' (OnClassCondition)

   FlywayAutoConfiguration did not match
      - @ConditionalOnClass did not find required class 'org.flywaydb.core.Flyway' (OnClassCondition)

   FreeMarkerAutoConfiguration did not match
      - @ConditionalOnClass did not find required classes 'freemarker.template.Configuration', 'org.springframework.ui.freemarker.FreeMarkerConfigurationFactory' (OnClassCondition)

   GroovyTemplateAutoConfiguration did not match
      - @ConditionalOnClass did not find required class 'groovy.text.markup.MarkupTemplateEngine' (OnClassCondition)

   GsonAutoConfiguration did not match
      - @ConditionalOnClass did not find required class 'com.google.gson.Gson' (OnClassCondition)

   GsonHttpMessageConvertersConfiguration did not match
      - @ConditionalOnClass did not find required class 'com.google.gson.Gson' (OnClassCondition)

   GuavaCacheConfiguration did not match
      - @ConditionalOnClass did not find required classes 'com.google.common.cache.CacheBuilder', 'org.springframework.cache.guava.GuavaCacheManager' (OnClassCondition)

   H2ConsoleAutoConfiguration.H2ConsoleSecurityConfiguration did not match
      - @ConditionalOnClass did not find required class 'org.springframework.security.config.annotation.web.configuration.WebSecurityConfigurerAdapter' (OnClassCondition)

   HazelcastAutoConfiguration did not match
      - @ConditionalOnClass did not find required class 'com.hazelcast.core.HazelcastInstance' (OnClassCondition)

   HazelcastCacheConfiguration did not match
      - @ConditionalOnClass did not find required classes 'com.hazelcast.core.HazelcastInstance', 'com.hazelcast.spring.cache.HazelcastCacheManager' (OnClassCondition)

   HazelcastJpaDependencyAutoConfiguration did not match
      - @ConditionalOnClass did not find required class 'com.hazelcast.core.HazelcastInstance' (OnClassCondition)

   HornetQAutoConfiguration did not match
      - @ConditionalOnClass did not find required classes 'javax.jms.ConnectionFactory', 'org.hornetq.api.jms.HornetQJMSClient' (OnClassCondition)

   HypermediaAutoConfiguration did not match
      - @ConditionalOnClass did not find required class 'org.springframework.plugin.core.Plugin' (OnClassCondition)

   InfinispanCacheConfiguration did not match
      - @ConditionalOnClass did not find required class 'org.infinispan.spring.provider.SpringEmbeddedCacheManager' (OnClassCondition)

   IntegrationAutoConfiguration did not match
      - @ConditionalOnClass did not find required class 'org.springframework.integration.config.EnableIntegration' (OnClassCondition)

   JCacheCacheConfiguration did not match
      - @ConditionalOnClass did not find required classes 'javax.cache.Caching', 'org.springframework.cache.jcache.JCacheCacheManager' (OnClassCondition)

   JacksonAutoConfiguration.JodaDateTimeJacksonConfiguration did not match
      - @ConditionalOnClass did not find required classes 'org.joda.time.DateTime', 'com.fasterxml.jackson.datatype.joda.ser.DateTimeSerializer', 'com.fasterxml.jackson.datatype.joda.cfg.JacksonJodaDateFormat' (OnClassCondition)

   JacksonAutoConfiguration.ParameterNamesModuleConfiguration did not match
      - @ConditionalOnClass did not find required class 'com.fasterxml.jackson.module.paramnames.ParameterNamesModule' (OnClassCondition)

   JacksonHttpMessageConvertersConfiguration.MappingJackson2XmlHttpMessageConverterConfiguration did not match
      - @ConditionalOnClass did not find required class 'com.fasterxml.jackson.dataformat.xml.XmlMapper' (OnClassCondition)

   JerseyAutoConfiguration did not match
      - @ConditionalOnClass did not find required class 'org.glassfish.jersey.server.spring.SpringComponentProvider' (OnClassCondition)

   JestAutoConfiguration did not match
      - @ConditionalOnClass did not find required class 'io.searchbox.client.JestClient' (OnClassCondition)

   JmsAutoConfiguration did not match
      - @ConditionalOnClass did not find required class 'org.springframework.jms.core.JmsTemplate' (OnClassCondition)

   JmxAutoConfiguration did not match
      - @ConditionalOnClass found required class 'org.springframework.jmx.export.MBeanExporter' (OnClassCondition)
      - @ConditionalOnProperty (spring.jmx.enabled=true) found different value in property 'enabled' (OnPropertyCondition)

   JndiConnectionFactoryAutoConfiguration did not match
      - @ConditionalOnClass did not find required class 'org.springframework.jms.core.JmsTemplate' (OnClassCondition)

   JndiDataSourceAutoConfiguration did not match
      - @ConditionalOnClass found required classes 'javax.sql.DataSource', 'org.springframework.jdbc.datasource.embedded.EmbeddedDatabaseType' (OnClassCondition)
      - @ConditionalOnProperty (spring.datasource.jndi-name) did not find property 'jndi-name' (OnPropertyCondition)

   JndiJtaConfiguration did not match
      - @ConditionalOnClass found required class 'org.springframework.transaction.jta.JtaTransactionManager' (OnClassCondition)
      - @ConditionalOnJndi JNDI environment is not available (OnJndiCondition)

   JooqAutoConfiguration did not match
      - @ConditionalOnClass did not find required class 'org.jooq.DSLContext' (OnClassCondition)

   LinkedInAutoConfiguration did not match
      - @ConditionalOnClass did not find required classes 'org.springframework.social.config.annotation.SocialConfigurerAdapter', 'org.springframework.social.linkedin.connect.LinkedInConnectionFactory' (OnClassCondition)

   LiquibaseAutoConfiguration did not match
      - @ConditionalOnClass did not find required class 'liquibase.integration.spring.SpringLiquibase' (OnClassCondition)

   LocalDevToolsAutoConfiguration did not match
      - Initializer Restarter Condition initialized without URLs (OnInitializedRestarterCondition)

   MailSenderAutoConfiguration did not match
      - @ConditionalOnClass found required classes 'javax.mail.internet.MimeMessage', 'javax.activation.MimeType' (OnClassCondition)
      - AnyNestedCondition 0 matched 2 did not; NestedCondition on MailSenderAutoConfiguration.MailSenderCondition.JndiNameProperty @ConditionalOnProperty (spring.mail.jndi-name) did not find property 'jndi-name'; NestedCondition on MailSenderAutoConfiguration.MailSenderCondition.HostProperty @ConditionalOnProperty (spring.mail.host) did not find property 'host' (MailSenderAutoConfiguration.MailSenderCondition)

   MailSenderValidatorAutoConfiguration did not match
      - @ConditionalOnProperty (spring.mail.test-connection) did not find property 'test-connection' (OnPropertyCondition)

   MessageSourceAutoConfiguration did not match
      - ResourceBundle did not find bundle with basename messages (MessageSourceAutoConfiguration.ResourceBundleCondition)

   MetricFilterAutoConfiguration did not match
      - @ConditionalOnClass did not find required class 'org.springframework.boot.actuate.autoconfigure.MetricRepositoryAutoConfiguration' (OnClassCondition)

   MongoAutoConfiguration did not match
      - @ConditionalOnClass did not find required class 'com.mongodb.MongoClient' (OnClassCondition)

   MongoDataAutoConfiguration did not match
      - @ConditionalOnClass did not find required classes 'com.mongodb.Mongo', 'org.springframework.data.mongodb.core.MongoTemplate' (OnClassCondition)

   MongoRepositoriesAutoConfiguration did not match
      - @ConditionalOnClass did not find required classes 'com.mongodb.Mongo', 'org.springframework.data.mongodb.repository.MongoRepository' (OnClassCondition)

   MustacheAutoConfiguration did not match
      - @ConditionalOnClass did not find required class 'com.samskivert.mustache.Mustache' (OnClassCondition)

   NarayanaJtaConfiguration did not match
      - @ConditionalOnClass did not find required class 'com.arjuna.ats.jta.UserTransaction' (OnClassCondition)

   Neo4jDataAutoConfiguration did not match
      - @ConditionalOnClass did not find required classes 'org.neo4j.ogm.session.Neo4jSession', 'org.springframework.data.neo4j.template.Neo4jOperations' (OnClassCondition)

   Neo4jRepositoriesAutoConfiguration did not match
      - @ConditionalOnClass did not find required classes 'org.neo4j.ogm.session.Neo4jSession', 'org.springframework.data.neo4j.repository.GraphRepository' (OnClassCondition)

   OAuth2AutoConfiguration did not match
      - @ConditionalOnClass did not find required class 'org.springframework.security.oauth2.common.OAuth2AccessToken' (OnClassCondition)

   ProjectInfoAutoConfiguration#buildProperties did not match
      - @ConditionalOnResource did not find resource '${spring.info.build.location:classpath:META-INF/build-info.properties}' (OnResourceCondition)

   ProjectInfoAutoConfiguration#gitProperties did not match
      - GitResource did not find git info at classpath:git.properties (ProjectInfoAutoConfiguration.GitResourceAvailableCondition)

   RabbitAutoConfiguration did not match
      - @ConditionalOnClass did not find required classes 'org.springframework.amqp.rabbit.core.RabbitTemplate', 'com.rabbitmq.client.Channel' (OnClassCondition)

   ReactorAutoConfiguration did not match
      - @ConditionalOnClass did not find required classes 'reactor.spring.context.config.EnableReactor', 'reactor.Environment' (OnClassCondition)

   RedisAutoConfiguration did not match
      - @ConditionalOnClass did not find required classes 'org.springframework.data.redis.connection.jedis.JedisConnection', 'org.springframework.data.redis.core.RedisOperations', 'redis.clients.jedis.Jedis' (OnClassCondition)

   RedisRepositoriesAutoConfiguration did not match
      - @ConditionalOnClass did not find required classes 'redis.clients.jedis.Jedis', 'org.springframework.data.redis.repository.configuration.EnableRedisRepositories' (OnClassCondition)

   RemoteDevToolsAutoConfiguration did not match
      - @ConditionalOnClass found required classes 'javax.servlet.Filter', 'org.springframework.http.server.ServerHttpRequest' (OnClassCondition)
      - @ConditionalOnProperty (spring.devtools.remote.secret) did not find property 'secret' (OnPropertyCondition)

   RepositoryRestMvcAutoConfiguration did not match
      - @ConditionalOnClass did not find required class 'org.springframework.data.rest.webmvc.config.RepositoryRestMvcConfiguration' (OnClassCondition)

   SecurityAutoConfiguration did not match
      - @ConditionalOnClass did not find required classes 'org.springframework.security.authentication.AuthenticationManager', 'org.springframework.security.config.annotation.authentication.configurers.GlobalAuthenticationConfigurerAdapter' (OnClassCondition)

   SecurityFilterAutoConfiguration did not match
      - @ConditionalOnClass did not find required class 'org.springframework.security.web.context.AbstractSecurityWebApplicationInitializer' (OnClassCondition)

   SendGridAutoConfiguration did not match
      - @ConditionalOnClass did not find required class 'com.sendgrid.SendGrid' (OnClassCondition)

   SessionAutoConfiguration did not match
      - @ConditionalOnClass did not find required class 'org.springframework.session.Session' (OnClassCondition)

   SitePreferenceAutoConfiguration did not match
      - @ConditionalOnClass did not find required classes 'org.springframework.mobile.device.site.SitePreferenceHandlerInterceptor', 'org.springframework.mobile.device.site.SitePreferenceHandlerMethodArgumentResolver' (OnClassCondition)

   SocialWebAutoConfiguration did not match
      - @ConditionalOnClass did not find required classes 'org.springframework.social.connect.web.ConnectController', 'org.springframework.social.config.annotation.SocialConfigurerAdapter' (OnClassCondition)

   SolrAutoConfiguration did not match
      - @ConditionalOnClass did not find required classes 'org.apache.solr.client.solrj.impl.HttpSolrClient', 'org.apache.solr.client.solrj.impl.CloudSolrClient' (OnClassCondition)

   SolrRepositoriesAutoConfiguration did not match
      - @ConditionalOnClass did not find required classes 'org.apache.solr.client.solrj.SolrClient', 'org.springframework.data.solr.repository.SolrRepository' (OnClassCondition)

   SpringApplicationAdminJmxAutoConfiguration did not match
      - @ConditionalOnProperty (spring.application.admin.enabled=true) did not find property 'enabled' (OnPropertyCondition)

   ThymeleafAutoConfiguration.DataAttributeDialectConfiguration did not match
      - @ConditionalOnClass did not find required class 'com.github.mxab.thymeleaf.extras.dataattribute.dialect.DataAttributeDialect' (OnClassCondition)

   ThymeleafAutoConfiguration.Thymeleaf2Configuration.ThymeleafConditionalCommentsDialectConfiguration did not match
      - @ConditionalOnClass did not find required class 'org.thymeleaf.extras.conditionalcomments.dialect.ConditionalCommentsDialect' (OnClassCondition)

   ThymeleafAutoConfiguration.Thymeleaf3Configuration did not match
      - @ConditionalOnClass did not find required class 'org.thymeleaf.templatemode.TemplateMode' (OnClassCondition)

   ThymeleafAutoConfiguration.ThymeleafJava8TimeDialect did not match
      - @ConditionalOnClass did not find required class 'org.thymeleaf.extras.java8time.dialect.Java8TimeDialect' (OnClassCondition)

   ThymeleafAutoConfiguration.ThymeleafResourceHandlingConfig#resourceUrlEncodingFilter did not match
      - @ConditionalOnMissingBean (types: org.springframework.web.servlet.resource.ResourceUrlEncodingFilter; SearchStrategy: all) did not find any beans (OnBeanCondition)
      - @ConditionalOnEnabledResourceChain did not find class org.webjars.WebJarAssetLocator (OnEnabledResourceChainCondition)

   ThymeleafAutoConfiguration.ThymeleafSecurityDialectConfiguration did not match
      - @ConditionalOnClass did not find required class 'org.thymeleaf.extras.springsecurity4.dialect.SpringSecurityDialect' (OnClassCondition)

   TwitterAutoConfiguration did not match
      - @ConditionalOnClass did not find required classes 'org.springframework.social.config.annotation.SocialConfigurerAdapter', 'org.springframework.social.twitter.connect.TwitterConnectionFactory' (OnClassCondition)

   VelocityAutoConfiguration did not match
      - @ConditionalOnClass did not find required classes 'org.apache.velocity.app.VelocityEngine', 'org.springframework.ui.velocity.VelocityEngineFactory' (OnClassCondition)

   WebMvcAutoConfiguration.ResourceChainCustomizerConfiguration did not match
      - @ConditionalOnEnabledResourceChain did not find class org.webjars.WebJarAssetLocator (OnEnabledResourceChainCondition)

   WebMvcAutoConfiguration.WebMvcAutoConfigurationAdapter#beanNameViewResolver did not match
      - @ConditionalOnMissingBean (types: org.springframework.web.servlet.view.BeanNameViewResolver; SearchStrategy: all) found bean 'beanNameViewResolver' (OnBeanCondition)

   WebMvcAutoConfiguration.WebMvcAutoConfigurationAdapter#dateFormatter did not match
      - @ConditionalOnProperty (spring.mvc.date-format) did not find property 'date-format' (OnPropertyCondition)

   WebMvcAutoConfiguration.WebMvcAutoConfigurationAdapter#localeResolver did not match
      - @ConditionalOnMissingBean (types: org.springframework.web.servlet.LocaleResolver; SearchStrategy: all) did not find any beans (OnBeanCondition)
      - @ConditionalOnProperty (spring.mvc.locale) did not find property 'locale' (OnPropertyCondition)

   WebServicesAutoConfiguration did not match
      - @ConditionalOnClass did not find required class 'org.springframework.ws.transport.http.MessageDispatcherServlet' (OnClassCondition)

   WebSocketAutoConfiguration.JettyWebSocketConfiguration did not match
      - @ConditionalOnClass did not find required class 'org.eclipse.jetty.websocket.jsr356.server.deploy.WebSocketServerContainerInitializer' (OnClassCondition)

   WebSocketAutoConfiguration.UndertowWebSocketConfiguration did not match
      - @ConditionalOnClass did not find required class 'io.undertow.websockets.jsr.Bootstrap' (OnClassCondition)

   WebSocketMessagingAutoConfiguration did not match
      - @ConditionalOnClass did not find required class 'org.springframework.web.socket.config.annotation.WebSocketMessageBrokerConfigurer' (OnClassCondition)

   XADataSourceAutoConfiguration did not match
      - @ConditionalOnClass found required classes 'javax.sql.DataSource', 'javax.transaction.TransactionManager', 'org.springframework.jdbc.datasource.embedded.EmbeddedDatabaseType' (OnClassCondition)
      - @ConditionalOnBean (types: org.springframework.boot.jta.XADataSourceWrapper; SearchStrategy: all) did not find any beans (OnBeanCondition)


Exclusions:
-----------

    None


Unconditional classes:
----------------------

    org.springframework.boot.autoconfigure.PropertyPlaceholderAutoConfiguration

    org.springframework.boot.autoconfigure.web.WebClientAutoConfiguration

    org.springframework.boot.autoconfigure.context.ConfigurationPropertiesAutoConfiguration

    org.springframework.boot.autoconfigure.info.ProjectInfoAutoConfiguration



2017-09-15 17:17:53.806 DEBUG 134908 --- [    Test worker] o.s.boot.devtools.restart.Restarter      : Creating new Restarter for thread Thread[Test worker,5,main]
2017-09-15 17:17:53.807  INFO 134908 --- [    Test worker] c.w.rest.UsuarioRESTControllerTest       : Started UsuarioRESTControllerTest in 8.658 seconds (JVM running for 9.847)
2017-09-15 17:17:53.969  INFO 134908 --- [    Test worker] o.s.b.t.m.w.SpringBootMockServletContext : Initializing Spring FrameworkServlet ''
2017-09-15 17:17:53.969  INFO 134908 --- [    Test worker] o.s.t.web.servlet.TestDispatcherServlet  : FrameworkServlet '': initialization started
2017-09-15 17:17:53.993  INFO 134908 --- [    Test worker] o.s.t.web.servlet.TestDispatcherServlet  : FrameworkServlet '': initialization completed in 24 ms
]]></system-out>
  <system-err><![CDATA[]]></system-err>
</testsuite>
